 &NOAH_MP
 DVEG    = 11*2,
 OPT_CRS = 11*1,
 OPT_BTR = 11*1,
 OPT_RUN = 11*1,
 OPT_SFC = 11*1,
 OPT_FRZ = 11*1,
 OPT_INF = 11*1,
 OPT_RAD = 11*1,
 OPT_ALB = 11*2,
 OPT_SNF = 11*1,
 OPT_TBOT        = 11*2,
 OPT_STC = 11*1
 /
 &TIME_CONTROL
 RUN_DAYS        =           0,
 RUN_HOURS       =           0,
 RUN_MINUTES     =           0,
 RUN_SECONDS     =           0,
 START_YEAR      =        2015, 10*1993,
 START_MONTH     =          12, 10*3,
 START_DAY       =           3, 10*13,
 START_HOUR      =           0, 10*12,
 START_MINUTE    = 11*0,
 START_SECOND    = 11*0,
 END_YEAR        =        2015, 10*1993,
 END_MONTH       =          12, 10*3,
 END_DAY =          13, 10*14,
 END_HOUR        =           0, 10*12,
 END_MINUTE      = 11*0,
 END_SECOND      = 11*0,
 INTERVAL_SECONDS        =       21600,
 INPUT_FROM_FILE = T, 10*F,
 FINE_INPUT_STREAM       = 11*0,
 INPUT_FROM_HIRES        = 11*F,
 RSMAS_DATA_PATH = .                                                                                                                 
                                                                                                                                     
           ,
 ALL_IC_TIMES    = F,
 JULYR   = 11*0,
 JULDAY  = 11*1,
 GMT     = 11*0.0000000E+00  ,
 INPUT_INNAME    = wrfinput_d<domain>                                                                                                
                                                                                                                                     
           ,
 INPUT_OUTNAME   = wrfinput_d<domain>                                                                                                
                                                                                                                                     
           ,
 BDY_INNAME      = wrfbdy_d<domain>                                                                                                  
                                                                                                                                     
           ,
 BDY_OUTNAME     = wrfbdy_d<domain>                                                                                                  
                                                                                                                                     
           ,
 RST_INNAME      = wrfrst_d<domain>_<date>                                                                                           
                                                                                                                                     
           ,
 RST_OUTNAME     = wrfrst_d<domain>_<date>                                                                                           
                                                                                                                                     
           ,
 WRITE_INPUT     = F,
 WRITE_RESTART_AT_0H     = F,
 WRITE_HIST_AT_0H_RST    = F,
 ADJUST_OUTPUT_TIMES     = T,
 ADJUST_INPUT_TIMES      = F,
 DIAG_PRINT      =           0,
 NOCOLONS        = F,
 CYCLING = F,
 OUTPUT_DIAGNOSTICS      =           0,
 AUXINPUT1_INNAME        = met_em.d<domain>.<date>                                                                                   
                                                                                                                                     
                   ,
 IO_FORM_AUXINPUT1       =           2,
 OVERRIDE_RESTART_TIMERS = F,
 AUXHIST1_INNAME = auxhist1_d<domain>_<date>                                                                                         
                                                                                                                                     
           ,
 AUXHIST1_OUTNAME        = auxhist1_d<domain>_<date>                                                                                 
                                                                                                                                     
                   ,
 AUXHIST1_INTERVAL_Y     = 11*0,
 AUXHIST1_INTERVAL_D     = 11*0,
 AUXHIST1_INTERVAL_H     = 11*0,
 AUXHIST1_INTERVAL_M     = 11*0,
 AUXHIST1_INTERVAL_S     = 11*0,
 AUXHIST1_INTERVAL       = 11*0,
 AUXHIST1_BEGIN_Y        = 11*0,
 AUXHIST1_BEGIN_D        = 11*0,
 AUXHIST1_BEGIN_H        = 11*0,
 AUXHIST1_BEGIN_M        = 11*0,
 AUXHIST1_BEGIN_S        = 11*0,
 AUXHIST1_BEGIN  = 11*0,
 AUXHIST1_END_Y  = 11*0,
 AUXHIST1_END_D  = 11*0,
 AUXHIST1_END_H  = 11*0,
 AUXHIST1_END_M  = 11*0,
 AUXHIST1_END_S  = 11*0,
 AUXHIST1_END    = 11*0,
 IO_FORM_AUXHIST1        =           0,
 FRAMES_PER_AUXHIST1     = 11*999999,
 AUXHIST2_INNAME = auxhist2_d<domain>_<date>                                                                                         
                                                                                                                                     
           ,
 AUXHIST2_OUTNAME        = auxhist2_d<domain>_<date>                                                                                 
                                                                                                                                     
                   ,
 AUXHIST2_INTERVAL_Y     = 11*0,
 AUXHIST2_INTERVAL_D     = 11*0,
 AUXHIST2_INTERVAL_H     = 11*0,
 AUXHIST2_INTERVAL_M     = 11*0,
 AUXHIST2_INTERVAL_S     = 11*0,
 AUXHIST2_INTERVAL       = 11*0,
 AUXHIST2_BEGIN_Y        = 11*0,
 AUXHIST2_BEGIN_D        = 11*0,
 AUXHIST2_BEGIN_H        = 11*0,
 AUXHIST2_BEGIN_M        = 11*0,
 AUXHIST2_BEGIN_S        = 11*0,
 AUXHIST2_BEGIN  = 11*0,
 AUXHIST2_END_Y  = 11*0,
 AUXHIST2_END_D  = 11*0,
 AUXHIST2_END_H  = 11*0,
 AUXHIST2_END_M  = 11*0,
 AUXHIST2_END_S  = 11*0,
 AUXHIST2_END    = 11*0,
 IO_FORM_AUXHIST2        =           0,
 FRAMES_PER_AUXHIST2     = 11*999999,
 AUXHIST3_INNAME = auxhist3_d<domain>_<date>                                                                                         
                                                                                                                                     
           ,
 AUXHIST3_OUTNAME        = auxhist3_d<domain>_<date>                                                                                 
                                                                                                                                     
                   ,
 AUXHIST3_INTERVAL_Y     = 11*0,
 AUXHIST3_INTERVAL_D     = 11*0,
 AUXHIST3_INTERVAL_H     = 11*0,
 AUXHIST3_INTERVAL_M     = 11*0,
 AUXHIST3_INTERVAL_S     = 11*0,
 AUXHIST3_INTERVAL       = 11*0,
 AUXHIST3_BEGIN_Y        = 11*0,
 AUXHIST3_BEGIN_D        = 11*0,
 AUXHIST3_BEGIN_H        = 11*0,
 AUXHIST3_BEGIN_M        = 11*0,
 AUXHIST3_BEGIN_S        = 11*0,
 AUXHIST3_BEGIN  = 11*0,
 AUXHIST3_END_Y  = 11*0,
 AUXHIST3_END_D  = 11*0,
 AUXHIST3_END_H  = 11*0,
 AUXHIST3_END_M  = 11*0,
 AUXHIST3_END_S  = 11*0,
 AUXHIST3_END    = 11*0,
 IO_FORM_AUXHIST3        =           0,
 FRAMES_PER_AUXHIST3     = 11*999999,
 AUXHIST4_INNAME = auxhist4_d<domain>_<date>                                                                                         
                                                                                                                                     
           ,
 AUXHIST4_OUTNAME        = auxhist4_d<domain>_<date>                                                                                 
                                                                                                                                     
                   ,
 AUXHIST4_INTERVAL_Y     = 11*0,
 AUXHIST4_INTERVAL_D     = 11*0,
 AUXHIST4_INTERVAL_H     = 11*0,
 AUXHIST4_INTERVAL_M     = 11*0,
 AUXHIST4_INTERVAL_S     = 11*0,
 AUXHIST4_INTERVAL       = 11*0,
 AUXHIST4_BEGIN_Y        = 11*0,
 AUXHIST4_BEGIN_D        = 11*0,
 AUXHIST4_BEGIN_H        = 11*0,
 AUXHIST4_BEGIN_M        = 11*0,
 AUXHIST4_BEGIN_S        = 11*0,
 AUXHIST4_BEGIN  = 11*0,
 AUXHIST4_END_Y  = 11*0,
 AUXHIST4_END_D  = 11*0,
 AUXHIST4_END_H  = 11*0,
 AUXHIST4_END_M  = 11*0,
 AUXHIST4_END_S  = 11*0,
 AUXHIST4_END    = 11*0,
 IO_FORM_AUXHIST4        =           0,
 FRAMES_PER_AUXHIST4     = 11*999999,
 AUXHIST5_INNAME = auxhist5_d<domain>_<date>                                                                                         
                                                                                                                                     
           ,
 AUXHIST5_OUTNAME        = auxhist5_d<domain>_<date>                                                                                 
                                                                                                                                     
                   ,
 AUXHIST5_INTERVAL_Y     = 11*0,
 AUXHIST5_INTERVAL_D     = 11*0,
 AUXHIST5_INTERVAL_H     = 11*0,
 AUXHIST5_INTERVAL_M     = 11*0,
 AUXHIST5_INTERVAL_S     = 11*0,
 AUXHIST5_INTERVAL       = 11*0,
 AUXHIST5_BEGIN_Y        = 11*0,
 AUXHIST5_BEGIN_D        = 11*0,
 AUXHIST5_BEGIN_H        = 11*0,
 AUXHIST5_BEGIN_M        = 11*0,
 AUXHIST5_BEGIN_S        = 11*0,
 AUXHIST5_BEGIN  = 11*0,
 AUXHIST5_END_Y  = 11*0,
 AUXHIST5_END_D  = 11*0,
 AUXHIST5_END_H  = 11*0,
 AUXHIST5_END_M  = 11*0,
 AUXHIST5_END_S  = 11*0,
 AUXHIST5_END    = 11*0,
 IO_FORM_AUXHIST5        =           0,
 FRAMES_PER_AUXHIST5     = 11*999999,
 AUXHIST6_INNAME = auxhist6_d<domain>_<date>                                                                                         
                                                                                                                                     
           ,
 AUXHIST6_OUTNAME        = auxhist6_d<domain>_<date>                                                                                 
                                                                                                                                     
                   ,
 AUXHIST6_INTERVAL_Y     = 11*0,
 AUXHIST6_INTERVAL_D     = 11*0,
 AUXHIST6_INTERVAL_H     = 11*0,
 AUXHIST6_INTERVAL_M     = 11*0,
 AUXHIST6_INTERVAL_S     = 11*0,
 AUXHIST6_INTERVAL       = 11*0,
 AUXHIST6_BEGIN_Y        = 11*0,
 AUXHIST6_BEGIN_D        = 11*0,
 AUXHIST6_BEGIN_H        = 11*0,
 AUXHIST6_BEGIN_M        = 11*0,
 AUXHIST6_BEGIN_S        = 11*0,
 AUXHIST6_BEGIN  = 11*0,
 AUXHIST6_END_Y  = 11*0,
 AUXHIST6_END_D  = 11*0,
 AUXHIST6_END_H  = 11*0,
 AUXHIST6_END_M  = 11*0,
 AUXHIST6_END_S  = 11*0,
 AUXHIST6_END    = 11*0,
 IO_FORM_AUXHIST6        =           0,
 FRAMES_PER_AUXHIST6     = 11*999999,
 AUXHIST7_INNAME = auxhist7_d<domain>_<date>                                                                                         
                                                                                                                                     
           ,
 AUXHIST7_OUTNAME        = auxhist7_d<domain>_<date>                                                                                 
                                                                                                                                     
                   ,
 AUXHIST7_INTERVAL_Y     = 11*0,
 AUXHIST7_INTERVAL_D     = 11*0,
 AUXHIST7_INTERVAL_H     = 11*0,
 AUXHIST7_INTERVAL_M     = 11*0,
 AUXHIST7_INTERVAL_S     = 11*0,
 AUXHIST7_INTERVAL       = 11*0,
 AUXHIST7_BEGIN_Y        = 11*0,
 AUXHIST7_BEGIN_D        = 11*0,
 AUXHIST7_BEGIN_H        = 11*0,
 AUXHIST7_BEGIN_M        = 11*0,
 AUXHIST7_BEGIN_S        = 11*0,
 AUXHIST7_BEGIN  = 11*0,
 AUXHIST7_END_Y  = 11*0,
 AUXHIST7_END_D  = 11*0,
 AUXHIST7_END_H  = 11*0,
 AUXHIST7_END_M  = 11*0,
 AUXHIST7_END_S  = 11*0,
 AUXHIST7_END    = 11*0,
 IO_FORM_AUXHIST7        =           0,
 FRAMES_PER_AUXHIST7     = 11*999999,
 AUXHIST8_INNAME = auxhist8_d<domain>_<date>                                                                                         
                                                                                                                                     
           ,
 AUXHIST8_OUTNAME        = auxhist8_d<domain>_<date>                                                                                 
                                                                                                                                     
                   ,
 AUXHIST8_INTERVAL_Y     = 11*0,
 AUXHIST8_INTERVAL_D     = 11*0,
 AUXHIST8_INTERVAL_H     = 11*0,
 AUXHIST8_INTERVAL_M     = 11*0,
 AUXHIST8_INTERVAL_S     = 11*0,
 AUXHIST8_INTERVAL       = 11*0,
 AUXHIST8_BEGIN_Y        = 11*0,
 AUXHIST8_BEGIN_D        = 11*0,
 AUXHIST8_BEGIN_H        = 11*0,
 AUXHIST8_BEGIN_M        = 11*0,
 AUXHIST8_BEGIN_S        = 11*0,
 AUXHIST8_BEGIN  = 11*0,
 AUXHIST8_END_Y  = 11*0,
 AUXHIST8_END_D  = 11*0,
 AUXHIST8_END_H  = 11*0,
 AUXHIST8_END_M  = 11*0,
 AUXHIST8_END_S  = 11*0,
 AUXHIST8_END    = 11*0,
 IO_FORM_AUXHIST8        =           0,
 FRAMES_PER_AUXHIST8     = 11*999999,
 AUXHIST9_INNAME = auxhist9_d<domain>_<date>                                                                                         
                                                                                                                                     
           ,
 AUXHIST9_OUTNAME        = auxhist9_d<domain>_<date>                                                                                 
                                                                                                                                     
                   ,
 AUXHIST9_INTERVAL_Y     = 11*0,
 AUXHIST9_INTERVAL_D     = 11*0,
 AUXHIST9_INTERVAL_H     = 11*0,
 AUXHIST9_INTERVAL_M     = 11*0,
 AUXHIST9_INTERVAL_S     = 11*0,
 AUXHIST9_INTERVAL       = 11*0,
 AUXHIST9_BEGIN_Y        = 11*0,
 AUXHIST9_BEGIN_D        = 11*0,
 AUXHIST9_BEGIN_H        = 11*0,
 AUXHIST9_BEGIN_M        = 11*0,
 AUXHIST9_BEGIN_S        = 11*0,
 AUXHIST9_BEGIN  = 11*0,
 AUXHIST9_END_Y  = 11*0,
 AUXHIST9_END_D  = 11*0,
 AUXHIST9_END_H  = 11*0,
 AUXHIST9_END_M  = 11*0,
 AUXHIST9_END_S  = 11*0,
 AUXHIST9_END    = 11*0,
 IO_FORM_AUXHIST9        =           0,
 FRAMES_PER_AUXHIST9     = 11*999999,
 AUXHIST10_INNAME        = auxhist10_d<domain>_<date>                                                                                
                                                                                                                                     
                   ,
 AUXHIST10_OUTNAME       = auxhist10_d<domain>_<date>                                                                                
                                                                                                                                     
                   ,
 AUXHIST10_INTERVAL_Y    = 11*0,
 AUXHIST10_INTERVAL_D    = 11*0,
 AUXHIST10_INTERVAL_H    = 11*0,
 AUXHIST10_INTERVAL_M    = 11*0,
 AUXHIST10_INTERVAL_S    = 11*0,
 AUXHIST10_INTERVAL      = 11*0,
 AUXHIST10_BEGIN_Y       = 11*0,
 AUXHIST10_BEGIN_D       = 11*0,
 AUXHIST10_BEGIN_H       = 11*0,
 AUXHIST10_BEGIN_M       = 11*0,
 AUXHIST10_BEGIN_S       = 11*0,
 AUXHIST10_BEGIN = 11*0,
 AUXHIST10_END_Y = 11*0,
 AUXHIST10_END_D = 11*0,
 AUXHIST10_END_H = 11*0,
 AUXHIST10_END_M = 11*0,
 AUXHIST10_END_S = 11*0,
 AUXHIST10_END   = 11*0,
 IO_FORM_AUXHIST10       =           0,
 FRAMES_PER_AUXHIST10    = 11*999999,
 AUXHIST11_INNAME        = auxhist11_d<domain>_<date>                                                                                
                                                                                                                                     
                   ,
 AUXHIST11_OUTNAME       = auxhist11_d<domain>_<date>                                                                                
                                                                                                                                     
                   ,
 AUXHIST11_INTERVAL_Y    = 11*0,
 AUXHIST11_INTERVAL_D    = 11*0,
 AUXHIST11_INTERVAL_H    = 11*0,
 AUXHIST11_INTERVAL_M    = 11*0,
 AUXHIST11_INTERVAL_S    = 11*0,
 AUXHIST11_INTERVAL      = 11*0,
 AUXHIST11_BEGIN_Y       = 11*0,
 AUXHIST11_BEGIN_D       = 11*0,
 AUXHIST11_BEGIN_H       = 11*0,
 AUXHIST11_BEGIN_M       = 11*0,
 AUXHIST11_BEGIN_S       = 11*0,
 AUXHIST11_BEGIN = 11*0,
 AUXHIST11_END_Y = 11*0,
 AUXHIST11_END_D = 11*0,
 AUXHIST11_END_H = 11*0,
 AUXHIST11_END_M = 11*0,
 AUXHIST11_END_S = 11*0,
 AUXHIST11_END   = 11*0,
 IO_FORM_AUXHIST11       =           0,
 FRAMES_PER_AUXHIST11    = 11*999999,
 AUXHIST12_INNAME        = auxhist12_d<domain>_<date>                                                                                
                                                                                                                                     
                   ,
 AUXHIST12_OUTNAME       = auxhist12_d<domain>_<date>                                                                                
                                                                                                                                     
                   ,
 AUXHIST12_INTERVAL_Y    = 11*0,
 AUXHIST12_INTERVAL_D    = 11*0,
 AUXHIST12_INTERVAL_H    = 11*0,
 AUXHIST12_INTERVAL_M    = 11*0,
 AUXHIST12_INTERVAL_S    = 11*0,
 AUXHIST12_INTERVAL      = 11*0,
 AUXHIST12_BEGIN_Y       = 11*0,
 AUXHIST12_BEGIN_D       = 11*0,
 AUXHIST12_BEGIN_H       = 11*0,
 AUXHIST12_BEGIN_M       = 11*0,
 AUXHIST12_BEGIN_S       = 11*0,
 AUXHIST12_BEGIN = 11*0,
 AUXHIST12_END_Y = 11*0,
 AUXHIST12_END_D = 11*0,
 AUXHIST12_END_H = 11*0,
 AUXHIST12_END_M = 11*0,
 AUXHIST12_END_S = 11*0,
 AUXHIST12_END   = 11*0,
 IO_FORM_AUXHIST12       =           0,
 FRAMES_PER_AUXHIST12    = 11*999999,
 AUXHIST13_INNAME        = auxhist13_d<domain>_<date>                                                                                
                                                                                                                                     
                   ,
 AUXHIST13_OUTNAME       = auxhist13_d<domain>_<date>                                                                                
                                                                                                                                     
                   ,
 AUXHIST13_INTERVAL_Y    = 11*0,
 AUXHIST13_INTERVAL_D    = 11*0,
 AUXHIST13_INTERVAL_H    = 11*0,
 AUXHIST13_INTERVAL_M    = 11*0,
 AUXHIST13_INTERVAL_S    = 11*0,
 AUXHIST13_INTERVAL      = 11*0,
 AUXHIST13_BEGIN_Y       = 11*0,
 AUXHIST13_BEGIN_D       = 11*0,
 AUXHIST13_BEGIN_H       = 11*0,
 AUXHIST13_BEGIN_M       = 11*0,
 AUXHIST13_BEGIN_S       = 11*0,
 AUXHIST13_BEGIN = 11*0,
 AUXHIST13_END_Y = 11*0,
 AUXHIST13_END_D = 11*0,
 AUXHIST13_END_H = 11*0,
 AUXHIST13_END_M = 11*0,
 AUXHIST13_END_S = 11*0,
 AUXHIST13_END   = 11*0,
 IO_FORM_AUXHIST13       =           0,
 FRAMES_PER_AUXHIST13    = 11*999999,
 AUXHIST14_INNAME        = auxhist14_d<domain>_<date>                                                                                
                                                                                                                                     
                   ,
 AUXHIST14_OUTNAME       = auxhist14_d<domain>_<date>                                                                                
                                                                                                                                     
                   ,
 AUXHIST14_INTERVAL_Y    = 11*0,
 AUXHIST14_INTERVAL_D    = 11*0,
 AUXHIST14_INTERVAL_H    = 11*0,
 AUXHIST14_INTERVAL_M    = 11*0,
 AUXHIST14_INTERVAL_S    = 11*0,
 AUXHIST14_INTERVAL      = 11*0,
 AUXHIST14_BEGIN_Y       = 11*0,
 AUXHIST14_BEGIN_D       = 11*0,
 AUXHIST14_BEGIN_H       = 11*0,
 AUXHIST14_BEGIN_M       = 11*0,
 AUXHIST14_BEGIN_S       = 11*0,
 AUXHIST14_BEGIN = 11*0,
 AUXHIST14_END_Y = 11*0,
 AUXHIST14_END_D = 11*0,
 AUXHIST14_END_H = 11*0,
 AUXHIST14_END_M = 11*0,
 AUXHIST14_END_S = 11*0,
 AUXHIST14_END   = 11*0,
 IO_FORM_AUXHIST14       =           0,
 FRAMES_PER_AUXHIST14    = 11*999999,
 AUXHIST15_INNAME        = auxhist15_d<domain>_<date>                                                                                
                                                                                                                                     
                   ,
 AUXHIST15_OUTNAME       = auxhist15_d<domain>_<date>                                                                                
                                                                                                                                     
                   ,
 AUXHIST15_INTERVAL_Y    = 11*0,
 AUXHIST15_INTERVAL_D    = 11*0,
 AUXHIST15_INTERVAL_H    = 11*0,
 AUXHIST15_INTERVAL_M    = 11*0,
 AUXHIST15_INTERVAL_S    = 11*0,
 AUXHIST15_INTERVAL      = 11*0,
 AUXHIST15_BEGIN_Y       = 11*0,
 AUXHIST15_BEGIN_D       = 11*0,
 AUXHIST15_BEGIN_H       = 11*0,
 AUXHIST15_BEGIN_M       = 11*0,
 AUXHIST15_BEGIN_S       = 11*0,
 AUXHIST15_BEGIN = 11*0,
 AUXHIST15_END_Y = 11*0,
 AUXHIST15_END_D = 11*0,
 AUXHIST15_END_H = 11*0,
 AUXHIST15_END_M = 11*0,
 AUXHIST15_END_S = 11*0,
 AUXHIST15_END   = 11*0,
 IO_FORM_AUXHIST15       =           0,
 FRAMES_PER_AUXHIST15    = 11*999999,
 AUXHIST16_INNAME        = auxhist16_d<domain>_<date>                                                                                
                                                                                                                                     
                   ,
 AUXHIST16_OUTNAME       = auxhist16_d<domain>_<date>                                                                                
                                                                                                                                     
                   ,
 AUXHIST16_INTERVAL_Y    = 11*0,
 AUXHIST16_INTERVAL_D    = 11*0,
 AUXHIST16_INTERVAL_H    = 11*0,
 AUXHIST16_INTERVAL_M    = 11*0,
 AUXHIST16_INTERVAL_S    = 11*0,
 AUXHIST16_INTERVAL      = 11*0,
 AUXHIST16_BEGIN_Y       = 11*0,
 AUXHIST16_BEGIN_D       = 11*0,
 AUXHIST16_BEGIN_H       = 11*0,
 AUXHIST16_BEGIN_M       = 11*0,
 AUXHIST16_BEGIN_S       = 11*0,
 AUXHIST16_BEGIN = 11*0,
 AUXHIST16_END_Y = 11*0,
 AUXHIST16_END_D = 11*0,
 AUXHIST16_END_H = 11*0,
 AUXHIST16_END_M = 11*0,
 AUXHIST16_END_S = 11*0,
 AUXHIST16_END   = 11*0,
 IO_FORM_AUXHIST16       =           0,
 FRAMES_PER_AUXHIST16    = 11*999999,
 AUXHIST17_INNAME        = auxhist17_d<domain>_<date>                                                                                
                                                                                                                                     
                   ,
 AUXHIST17_OUTNAME       = auxhist17_d<domain>_<date>                                                                                
                                                                                                                                     
                   ,
 AUXHIST17_INTERVAL_Y    = 11*0,
 AUXHIST17_INTERVAL_D    = 11*0,
 AUXHIST17_INTERVAL_H    = 11*0,
 AUXHIST17_INTERVAL_M    = 11*0,
 AUXHIST17_INTERVAL_S    = 11*0,
 AUXHIST17_INTERVAL      = 11*0,
 AUXHIST17_BEGIN_Y       = 11*0,
 AUXHIST17_BEGIN_D       = 11*0,
 AUXHIST17_BEGIN_H       = 11*0,
 AUXHIST17_BEGIN_M       = 11*0,
 AUXHIST17_BEGIN_S       = 11*0,
 AUXHIST17_BEGIN = 11*0,
 AUXHIST17_END_Y = 11*0,
 AUXHIST17_END_D = 11*0,
 AUXHIST17_END_H = 11*0,
 AUXHIST17_END_M = 11*0,
 AUXHIST17_END_S = 11*0,
 AUXHIST17_END   = 11*0,
 IO_FORM_AUXHIST17       =           0,
 FRAMES_PER_AUXHIST17    = 11*999999,
 AUXHIST18_INNAME        = auxhist18_d<domain>_<date>                                                                                
                                                                                                                                     
                   ,
 AUXHIST18_OUTNAME       = auxhist18_d<domain>_<date>                                                                                
                                                                                                                                     
                   ,
 AUXHIST18_INTERVAL_Y    = 11*0,
 AUXHIST18_INTERVAL_D    = 11*0,
 AUXHIST18_INTERVAL_H    = 11*0,
 AUXHIST18_INTERVAL_M    = 11*0,
 AUXHIST18_INTERVAL_S    = 11*0,
 AUXHIST18_INTERVAL      = 11*0,
 AUXHIST18_BEGIN_Y       = 11*0,
 AUXHIST18_BEGIN_D       = 11*0,
 AUXHIST18_BEGIN_H       = 11*0,
 AUXHIST18_BEGIN_M       = 11*0,
 AUXHIST18_BEGIN_S       = 11*0,
 AUXHIST18_BEGIN = 11*0,
 AUXHIST18_END_Y = 11*0,
 AUXHIST18_END_D = 11*0,
 AUXHIST18_END_H = 11*0,
 AUXHIST18_END_M = 11*0,
 AUXHIST18_END_S = 11*0,
 AUXHIST18_END   = 11*0,
 IO_FORM_AUXHIST18       =           0,
 FRAMES_PER_AUXHIST18    = 11*999999,
 AUXHIST19_INNAME        = auxhist19_d<domain>_<date>                                                                                
                                                                                                                                     
                   ,
 AUXHIST19_OUTNAME       = auxhist19_d<domain>_<date>                                                                                
                                                                                                                                     
                   ,
 AUXHIST19_INTERVAL_Y    = 11*0,
 AUXHIST19_INTERVAL_D    = 11*0,
 AUXHIST19_INTERVAL_H    = 11*0,
 AUXHIST19_INTERVAL_M    = 11*0,
 AUXHIST19_INTERVAL_S    = 11*0,
 AUXHIST19_INTERVAL      = 11*0,
 AUXHIST19_BEGIN_Y       = 11*0,
 AUXHIST19_BEGIN_D       = 11*0,
 AUXHIST19_BEGIN_H       = 11*0,
 AUXHIST19_BEGIN_M       = 11*0,
 AUXHIST19_BEGIN_S       = 11*0,
 AUXHIST19_BEGIN = 11*0,
 AUXHIST19_END_Y = 11*0,
 AUXHIST19_END_D = 11*0,
 AUXHIST19_END_H = 11*0,
 AUXHIST19_END_M = 11*0,
 AUXHIST19_END_S = 11*0,
 AUXHIST19_END   = 11*0,
 IO_FORM_AUXHIST19       =           0,
 FRAMES_PER_AUXHIST19    = 11*999999,
 AUXHIST20_INNAME        = auxhist20_d<domain>_<date>                                                                                
                                                                                                                                     
                   ,
 AUXHIST20_OUTNAME       = auxhist20_d<domain>_<date>                                                                                
                                                                                                                                     
                   ,
 AUXHIST20_INTERVAL_Y    = 11*0,
 AUXHIST20_INTERVAL_D    = 11*0,
 AUXHIST20_INTERVAL_H    = 11*0,
 AUXHIST20_INTERVAL_M    = 11*0,
 AUXHIST20_INTERVAL_S    = 11*0,
 AUXHIST20_INTERVAL      = 11*0,
 AUXHIST20_BEGIN_Y       = 11*0,
 AUXHIST20_BEGIN_D       = 11*0,
 AUXHIST20_BEGIN_H       = 11*0,
 AUXHIST20_BEGIN_M       = 11*0,
 AUXHIST20_BEGIN_S       = 11*0,
 AUXHIST20_BEGIN = 11*0,
 AUXHIST20_END_Y = 11*0,
 AUXHIST20_END_D = 11*0,
 AUXHIST20_END_H = 11*0,
 AUXHIST20_END_M = 11*0,
 AUXHIST20_END_S = 11*0,
 AUXHIST20_END   = 11*0,
 IO_FORM_AUXHIST20       =           0,
 FRAMES_PER_AUXHIST20    = 11*999999,
 AUXHIST21_INNAME        = auxhist21_d<domain>_<date>                                                                                
                                                                                                                                     
                   ,
 AUXHIST21_OUTNAME       = auxhist21_d<domain>_<date>                                                                                
                                                                                                                                     
                   ,
 AUXHIST21_INTERVAL_Y    = 11*0,
 AUXHIST21_INTERVAL_D    = 11*0,
 AUXHIST21_INTERVAL_H    = 11*0,
 AUXHIST21_INTERVAL_M    = 11*0,
 AUXHIST21_INTERVAL_S    = 11*0,
 AUXHIST21_INTERVAL      = 11*0,
 AUXHIST21_BEGIN_Y       = 11*0,
 AUXHIST21_BEGIN_D       = 11*0,
 AUXHIST21_BEGIN_H       = 11*0,
 AUXHIST21_BEGIN_M       = 11*0,
 AUXHIST21_BEGIN_S       = 11*0,
 AUXHIST21_BEGIN = 11*0,
 AUXHIST21_END_Y = 11*0,
 AUXHIST21_END_D = 11*0,
 AUXHIST21_END_H = 11*0,
 AUXHIST21_END_M = 11*0,
 AUXHIST21_END_S = 11*0,
 AUXHIST21_END   = 11*0,
 IO_FORM_AUXHIST21       =           0,
 FRAMES_PER_AUXHIST21    = 11*999999,
 AUXHIST22_INNAME        = auxhist22_d<domain>_<date>                                                                                
                                                                                                                                     
                   ,
 AUXHIST22_OUTNAME       = auxhist22_d<domain>_<date>                                                                                
                                                                                                                                     
                   ,
 AUXHIST22_INTERVAL_Y    = 11*0,
 AUXHIST22_INTERVAL_D    = 11*0,
 AUXHIST22_INTERVAL_H    = 11*0,
 AUXHIST22_INTERVAL_M    = 11*0,
 AUXHIST22_INTERVAL_S    = 11*0,
 AUXHIST22_INTERVAL      = 11*0,
 AUXHIST22_BEGIN_Y       = 11*0,
 AUXHIST22_BEGIN_D       = 11*0,
 AUXHIST22_BEGIN_H       = 11*0,
 AUXHIST22_BEGIN_M       = 11*0,
 AUXHIST22_BEGIN_S       = 11*0,
 AUXHIST22_BEGIN = 11*0,
 AUXHIST22_END_Y = 11*0,
 AUXHIST22_END_D = 11*0,
 AUXHIST22_END_H = 11*0,
 AUXHIST22_END_M = 11*0,
 AUXHIST22_END_S = 11*0,
 AUXHIST22_END   = 11*0,
 IO_FORM_AUXHIST22       =           0,
 FRAMES_PER_AUXHIST22    = 11*999999,
 AUXHIST23_INNAME        = auxhist23_d<domain>_<date>                                                                                
                                                                                                                                     
                   ,
 AUXHIST23_OUTNAME       = auxhist23_d<domain>_<date>                                                                                
                                                                                                                                     
                   ,
 AUXHIST23_INTERVAL_Y    = 11*0,
 AUXHIST23_INTERVAL_D    = 11*0,
 AUXHIST23_INTERVAL_H    = 11*0,
 AUXHIST23_INTERVAL_M    = 11*0,
 AUXHIST23_INTERVAL_S    = 11*0,
 AUXHIST23_INTERVAL      = 11*0,
 AUXHIST23_BEGIN_Y       = 11*0,
 AUXHIST23_BEGIN_D       = 11*0,
 AUXHIST23_BEGIN_H       = 11*0,
 AUXHIST23_BEGIN_M       = 11*0,
 AUXHIST23_BEGIN_S       = 11*0,
 AUXHIST23_BEGIN = 11*0,
 AUXHIST23_END_Y = 11*0,
 AUXHIST23_END_D = 11*0,
 AUXHIST23_END_H = 11*0,
 AUXHIST23_END_M = 11*0,
 AUXHIST23_END_S = 11*0,
 AUXHIST23_END   = 11*0,
 IO_FORM_AUXHIST23       =           0,
 FRAMES_PER_AUXHIST23    = 11*999999,
 AUXHIST24_INNAME        = auxhist24_d<domain>_<date>                                                                                
                                                                                                                                     
                   ,
 AUXHIST24_OUTNAME       = auxhist24_d<domain>_<date>                                                                                
                                                                                                                                     
                   ,
 AUXHIST24_INTERVAL_Y    = 11*0,
 AUXHIST24_INTERVAL_D    = 11*0,
 AUXHIST24_INTERVAL_H    = 11*0,
 AUXHIST24_INTERVAL_M    = 11*0,
 AUXHIST24_INTERVAL_S    = 11*0,
 AUXHIST24_INTERVAL      = 11*0,
 AUXHIST24_BEGIN_Y       = 11*0,
 AUXHIST24_BEGIN_D       = 11*0,
 AUXHIST24_BEGIN_H       = 11*0,
 AUXHIST24_BEGIN_M       = 11*0,
 AUXHIST24_BEGIN_S       = 11*0,
 AUXHIST24_BEGIN = 11*0,
 AUXHIST24_END_Y = 11*0,
 AUXHIST24_END_D = 11*0,
 AUXHIST24_END_H = 11*0,
 AUXHIST24_END_M = 11*0,
 AUXHIST24_END_S = 11*0,
 AUXHIST24_END   = 11*0,
 IO_FORM_AUXHIST24       =           0,
 FRAMES_PER_AUXHIST24    = 11*999999,
 AUXINPUT1_OUTNAME       = auxinput1_d<domain>_<date>                                                                                
                                                                                                                                     
                   ,
 AUXINPUT1_INTERVAL_Y    = 11*0,
 AUXINPUT1_INTERVAL_D    = 11*0,
 AUXINPUT1_INTERVAL_H    = 11*0,
 AUXINPUT1_INTERVAL_M    = 11*0,
 AUXINPUT1_INTERVAL_S    = 11*0,
 AUXINPUT1_INTERVAL      = 11*0,
 AUXINPUT1_BEGIN_Y       = 11*0,
 AUXINPUT1_BEGIN_D       = 11*0,
 AUXINPUT1_BEGIN_H       = 11*0,
 AUXINPUT1_BEGIN_M       = 11*0,
 AUXINPUT1_BEGIN_S       = 11*0,
 AUXINPUT1_BEGIN = 11*0,
 AUXINPUT1_END_Y = 11*0,
 AUXINPUT1_END_D = 11*0,
 AUXINPUT1_END_H = 11*0,
 AUXINPUT1_END_M = 11*0,
 AUXINPUT1_END_S = 11*0,
 AUXINPUT1_END   = 11*0,
 FRAMES_PER_AUXINPUT1    = 11*999999,
 AUXINPUT2_INNAME        = auxinput2_d<domain>_<date>                                                                                
                                                                                                                                     
                   ,
 AUXINPUT2_OUTNAME       = auxinput2_d<domain>_<date>                                                                                
                                                                                                                                     
                   ,
 AUXINPUT2_INTERVAL_Y    = 11*0,
 AUXINPUT2_INTERVAL_D    = 11*0,
 AUXINPUT2_INTERVAL_H    = 11*0,
 AUXINPUT2_INTERVAL_M    = 11*0,
 AUXINPUT2_INTERVAL_S    = 11*0,
 AUXINPUT2_INTERVAL      = 11*0,
 AUXINPUT2_BEGIN_Y       = 11*0,
 AUXINPUT2_BEGIN_D       = 11*0,
 AUXINPUT2_BEGIN_H       = 11*0,
 AUXINPUT2_BEGIN_M       = 11*0,
 AUXINPUT2_BEGIN_S       = 11*0,
 AUXINPUT2_BEGIN = 11*0,
 AUXINPUT2_END_Y = 11*0,
 AUXINPUT2_END_D = 11*0,
 AUXINPUT2_END_H = 11*0,
 AUXINPUT2_END_M = 11*0,
 AUXINPUT2_END_S = 11*0,
 AUXINPUT2_END   = 11*0,
 IO_FORM_AUXINPUT2       =           0,
 FRAMES_PER_AUXINPUT2    = 11*999999,
 AUXINPUT3_INNAME        = auxinput3_d<domain>_<date>                                                                                
                                                                                                                                     
                   ,
 AUXINPUT3_OUTNAME       = auxinput3_d<domain>_<date>                                                                                
                                                                                                                                     
                   ,
 AUXINPUT3_INTERVAL_Y    = 11*0,
 AUXINPUT3_INTERVAL_D    = 11*0,
 AUXINPUT3_INTERVAL_H    = 11*0,
 AUXINPUT3_INTERVAL_M    = 11*0,
 AUXINPUT3_INTERVAL_S    = 11*0,
 AUXINPUT3_INTERVAL      = 11*0,
 AUXINPUT3_BEGIN_Y       = 11*0,
 AUXINPUT3_BEGIN_D       = 11*0,
 AUXINPUT3_BEGIN_H       = 11*0,
 AUXINPUT3_BEGIN_M       = 11*0,
 AUXINPUT3_BEGIN_S       = 11*0,
 AUXINPUT3_BEGIN = 11*0,
 AUXINPUT3_END_Y = 11*0,
 AUXINPUT3_END_D = 11*0,
 AUXINPUT3_END_H = 11*0,
 AUXINPUT3_END_M = 11*0,
 AUXINPUT3_END_S = 11*0,
 AUXINPUT3_END   = 11*0,
 IO_FORM_AUXINPUT3       =           0,
 FRAMES_PER_AUXINPUT3    = 11*999999,
 AUXINPUT4_INNAME        = wrflowinp_d<domain>                                                                                       
                                                                                                                                     
                   ,
 AUXINPUT4_OUTNAME       = auxinput4_d<domain>_<date>                                                                                
                                                                                                                                     
                   ,
 AUXINPUT4_INTERVAL_Y    = 11*0,
 AUXINPUT4_INTERVAL_D    = 11*0,
 AUXINPUT4_INTERVAL_H    = 11*0,
 AUXINPUT4_INTERVAL_M    = 11*0,
 AUXINPUT4_INTERVAL_S    = 11*0,
 AUXINPUT4_INTERVAL      =         360, 10*0,
 AUXINPUT4_BEGIN_Y       = 11*0,
 AUXINPUT4_BEGIN_D       = 11*0,
 AUXINPUT4_BEGIN_H       = 11*0,
 AUXINPUT4_BEGIN_M       = 11*0,
 AUXINPUT4_BEGIN_S       = 11*0,
 AUXINPUT4_BEGIN = 11*0,
 AUXINPUT4_END_Y = 11*0,
 AUXINPUT4_END_D = 11*0,
 AUXINPUT4_END_H = 11*0,
 AUXINPUT4_END_M = 11*0,
 AUXINPUT4_END_S = 11*0,
 AUXINPUT4_END   = 11*0,
 IO_FORM_AUXINPUT4       =           2,
 FRAMES_PER_AUXINPUT4    = 11*999999,
 AUXINPUT5_INNAME        = auxinput5_d<domain>_<date>                                                                                
                                                                                                                                     
                   ,
 AUXINPUT5_OUTNAME       = auxinput5_d<domain>_<date>                                                                                
                                                                                                                                     
                   ,
 AUXINPUT5_INTERVAL_Y    = 11*0,
 AUXINPUT5_INTERVAL_D    = 11*0,
 AUXINPUT5_INTERVAL_H    = 11*0,
 AUXINPUT5_INTERVAL_M    = 11*0,
 AUXINPUT5_INTERVAL_S    = 11*0,
 AUXINPUT5_INTERVAL      = 11*0,
 AUXINPUT5_BEGIN_Y       = 11*0,
 AUXINPUT5_BEGIN_D       = 11*0,
 AUXINPUT5_BEGIN_H       = 11*0,
 AUXINPUT5_BEGIN_M       = 11*0,
 AUXINPUT5_BEGIN_S       = 11*0,
 AUXINPUT5_BEGIN = 11*0,
 AUXINPUT5_END_Y = 11*0,
 AUXINPUT5_END_D = 11*0,
 AUXINPUT5_END_H = 11*0,
 AUXINPUT5_END_M = 11*0,
 AUXINPUT5_END_S = 11*0,
 AUXINPUT5_END   = 11*0,
 IO_FORM_AUXINPUT5       =           0,
 FRAMES_PER_AUXINPUT5    = 11*999999,
 AUXINPUT6_INNAME        = auxinput6_d<domain>_<date>                                                                                
                                                                                                                                     
                   ,
 AUXINPUT6_OUTNAME       = auxinput6_d<domain>_<date>                                                                                
                                                                                                                                     
                   ,
 AUXINPUT6_INTERVAL_Y    = 11*0,
 AUXINPUT6_INTERVAL_D    = 11*0,
 AUXINPUT6_INTERVAL_H    = 11*0,
 AUXINPUT6_INTERVAL_M    = 11*0,
 AUXINPUT6_INTERVAL_S    = 11*0,
 AUXINPUT6_INTERVAL      = 11*0,
 AUXINPUT6_BEGIN_Y       = 11*0,
 AUXINPUT6_BEGIN_D       = 11*0,
 AUXINPUT6_BEGIN_H       = 11*0,
 AUXINPUT6_BEGIN_M       = 11*0,
 AUXINPUT6_BEGIN_S       = 11*0,
 AUXINPUT6_BEGIN = 11*0,
 AUXINPUT6_END_Y = 11*0,
 AUXINPUT6_END_D = 11*0,
 AUXINPUT6_END_H = 11*0,
 AUXINPUT6_END_M = 11*0,
 AUXINPUT6_END_S = 11*0,
 AUXINPUT6_END   = 11*0,
 IO_FORM_AUXINPUT6       =           0,
 FRAMES_PER_AUXINPUT6    = 11*999999,
 AUXINPUT7_INNAME        = auxinput7_d<domain>_<date>                                                                                
                                                                                                                                     
                   ,
 AUXINPUT7_OUTNAME       = auxinput7_d<domain>_<date>                                                                                
                                                                                                                                     
                   ,
 AUXINPUT7_INTERVAL_Y    = 11*0,
 AUXINPUT7_INTERVAL_D    = 11*0,
 AUXINPUT7_INTERVAL_H    = 11*0,
 AUXINPUT7_INTERVAL_M    = 11*0,
 AUXINPUT7_INTERVAL_S    = 11*0,
 AUXINPUT7_INTERVAL      = 11*0,
 AUXINPUT7_BEGIN_Y       = 11*0,
 AUXINPUT7_BEGIN_D       = 11*0,
 AUXINPUT7_BEGIN_H       = 11*0,
 AUXINPUT7_BEGIN_M       = 11*0,
 AUXINPUT7_BEGIN_S       = 11*0,
 AUXINPUT7_BEGIN = 11*0,
 AUXINPUT7_END_Y = 11*0,
 AUXINPUT7_END_D = 11*0,
 AUXINPUT7_END_H = 11*0,
 AUXINPUT7_END_M = 11*0,
 AUXINPUT7_END_S = 11*0,
 AUXINPUT7_END   = 11*0,
 IO_FORM_AUXINPUT7       =           0,
 FRAMES_PER_AUXINPUT7    = 11*999999,
 AUXINPUT8_INNAME        = auxinput8_d<domain>_<date>                                                                                
                                                                                                                                     
                   ,
 AUXINPUT8_OUTNAME       = auxinput8_d<domain>_<date>                                                                                
                                                                                                                                     
                   ,
 AUXINPUT8_INTERVAL_Y    = 11*0,
 AUXINPUT8_INTERVAL_D    = 11*0,
 AUXINPUT8_INTERVAL_H    = 11*0,
 AUXINPUT8_INTERVAL_M    = 11*0,
 AUXINPUT8_INTERVAL_S    = 11*0,
 AUXINPUT8_INTERVAL      = 11*0,
 AUXINPUT8_BEGIN_Y       = 11*0,
 AUXINPUT8_BEGIN_D       = 11*0,
 AUXINPUT8_BEGIN_H       = 11*0,
 AUXINPUT8_BEGIN_M       = 11*0,
 AUXINPUT8_BEGIN_S       = 11*0,
 AUXINPUT8_BEGIN = 11*0,
 AUXINPUT8_END_Y = 11*0,
 AUXINPUT8_END_D = 11*0,
 AUXINPUT8_END_H = 11*0,
 AUXINPUT8_END_M = 11*0,
 AUXINPUT8_END_S = 11*0,
 AUXINPUT8_END   = 11*0,
 IO_FORM_AUXINPUT8       =           0,
 FRAMES_PER_AUXINPUT8    = 11*999999,
 AUXINPUT9_INNAME        = auxinput9_d<domain>_<date>                                                                                
                                                                                                                                     
                   ,
 AUXINPUT9_OUTNAME       = auxinput9_d<domain>_<date>                                                                                
                                                                                                                                     
                   ,
 AUXINPUT9_INTERVAL_Y    = 11*0,
 AUXINPUT9_INTERVAL_D    = 11*0,
 AUXINPUT9_INTERVAL_H    = 11*0,
 AUXINPUT9_INTERVAL_M    = 11*0,
 AUXINPUT9_INTERVAL_S    = 11*0,
 AUXINPUT9_INTERVAL      = 11*0,
 AUXINPUT9_BEGIN_Y       = 11*0,
 AUXINPUT9_BEGIN_D       = 11*0,
 AUXINPUT9_BEGIN_H       = 11*0,
 AUXINPUT9_BEGIN_M       = 11*0,
 AUXINPUT9_BEGIN_S       = 11*0,
 AUXINPUT9_BEGIN = 11*0,
 AUXINPUT9_END_Y = 11*0,
 AUXINPUT9_END_D = 11*0,
 AUXINPUT9_END_H = 11*0,
 AUXINPUT9_END_M = 11*0,
 AUXINPUT9_END_S = 11*0,
 AUXINPUT9_END   = 11*0,
 IO_FORM_AUXINPUT9       =           0,
 FRAMES_PER_AUXINPUT9    = 11*999999,
 AUXINPUT10_INNAME       = auxinput10_d<domain>_<date>                                                                               
                                                                                                                                     
                   ,
 AUXINPUT10_OUTNAME      = auxinput10_d<domain>_<date>                                                                               
                                                                                                                                     
                   ,
 AUXINPUT10_INTERVAL_Y   = 11*0,
 AUXINPUT10_INTERVAL_D   = 11*0,
 AUXINPUT10_INTERVAL_H   = 11*0,
 AUXINPUT10_INTERVAL_M   = 11*0,
 AUXINPUT10_INTERVAL_S   = 11*0,
 AUXINPUT10_INTERVAL     = 11*0,
 AUXINPUT10_BEGIN_Y      = 11*0,
 AUXINPUT10_BEGIN_D      = 11*0,
 AUXINPUT10_BEGIN_H      = 11*0,
 AUXINPUT10_BEGIN_M      = 11*0,
 AUXINPUT10_BEGIN_S      = 11*0,
 AUXINPUT10_BEGIN        = 11*0,
 AUXINPUT10_END_Y        = 11*0,
 AUXINPUT10_END_D        = 11*0,
 AUXINPUT10_END_H        = 11*0,
 AUXINPUT10_END_M        = 11*0,
 AUXINPUT10_END_S        = 11*0,
 AUXINPUT10_END  = 11*0,
 IO_FORM_AUXINPUT10      =           0,
 FRAMES_PER_AUXINPUT10   = 11*999999,
 AUXINPUT11_INNAME       = auxinput11_d<domain>_<date>                                                                               
                                                                                                                                     
                   ,
 AUXINPUT11_OUTNAME      = auxinput11_d<domain>_<date>                                                                               
                                                                                                                                     
                   ,
 AUXINPUT11_INTERVAL_Y   = 11*0,
 AUXINPUT11_INTERVAL_D   = 11*0,
 AUXINPUT11_INTERVAL_H   = 11*0,
 AUXINPUT11_INTERVAL_M   = 11*0,
 AUXINPUT11_INTERVAL_S   = 11*0,
 AUXINPUT11_INTERVAL     = 11*0,
 AUXINPUT11_BEGIN_Y      = 11*0,
 AUXINPUT11_BEGIN_D      = 11*0,
 AUXINPUT11_BEGIN_H      = 11*0,
 AUXINPUT11_BEGIN_M      = 11*0,
 AUXINPUT11_BEGIN_S      = 11*0,
 AUXINPUT11_BEGIN        = 11*0,
 AUXINPUT11_END_Y        = 11*0,
 AUXINPUT11_END_D        = 11*0,
 AUXINPUT11_END_H        = 11*0,
 AUXINPUT11_END_M        = 11*0,
 AUXINPUT11_END_S        = 11*0,
 AUXINPUT11_END  = 11*0,
 IO_FORM_AUXINPUT11      =           0,
 FRAMES_PER_AUXINPUT11   = 11*999999,
 AUXINPUT12_INNAME       = auxinput12_d<domain>_<date>                                                                               
                                                                                                                                     
                   ,
 AUXINPUT12_OUTNAME      = auxinput12_d<domain>_<date>                                                                               
                                                                                                                                     
                   ,
 AUXINPUT12_INTERVAL_Y   = 11*0,
 AUXINPUT12_INTERVAL_D   = 11*0,
 AUXINPUT12_INTERVAL_H   = 11*0,
 AUXINPUT12_INTERVAL_M   = 11*0,
 AUXINPUT12_INTERVAL_S   = 11*0,
 AUXINPUT12_INTERVAL     = 11*0,
 AUXINPUT12_BEGIN_Y      = 11*0,
 AUXINPUT12_BEGIN_D      = 11*0,
 AUXINPUT12_BEGIN_H      = 11*0,
 AUXINPUT12_BEGIN_M      = 11*0,
 AUXINPUT12_BEGIN_S      = 11*0,
 AUXINPUT12_BEGIN        = 11*0,
 AUXINPUT12_END_Y        = 11*0,
 AUXINPUT12_END_D        = 11*0,
 AUXINPUT12_END_H        = 11*0,
 AUXINPUT12_END_M        = 11*0,
 AUXINPUT12_END_S        = 11*0,
 AUXINPUT12_END  = 11*0,
 IO_FORM_AUXINPUT12      =           0,
 FRAMES_PER_AUXINPUT12   = 11*999999,
 AUXINPUT13_INNAME       = auxinput13_d<domain>_<date>                                                                               
                                                                                                                                     
                   ,
 AUXINPUT13_OUTNAME      = auxinput13_d<domain>_<date>                                                                               
                                                                                                                                     
                   ,
 AUXINPUT13_INTERVAL_Y   = 11*0,
 AUXINPUT13_INTERVAL_D   = 11*0,
 AUXINPUT13_INTERVAL_H   = 11*0,
 AUXINPUT13_INTERVAL_M   = 11*0,
 AUXINPUT13_INTERVAL_S   = 11*0,
 AUXINPUT13_INTERVAL     = 11*0,
 AUXINPUT13_BEGIN_Y      = 11*0,
 AUXINPUT13_BEGIN_D      = 11*0,
 AUXINPUT13_BEGIN_H      = 11*0,
 AUXINPUT13_BEGIN_M      = 11*0,
 AUXINPUT13_BEGIN_S      = 11*0,
 AUXINPUT13_BEGIN        = 11*0,
 AUXINPUT13_END_Y        = 11*0,
 AUXINPUT13_END_D        = 11*0,
 AUXINPUT13_END_H        = 11*0,
 AUXINPUT13_END_M        = 11*0,
 AUXINPUT13_END_S        = 11*0,
 AUXINPUT13_END  = 11*0,
 IO_FORM_AUXINPUT13      =           0,
 FRAMES_PER_AUXINPUT13   = 11*999999,
 AUXINPUT14_INNAME       = auxinput14_d<domain>_<date>                                                                               
                                                                                                                                     
                   ,
 AUXINPUT14_OUTNAME      = auxinput14_d<domain>_<date>                                                                               
                                                                                                                                     
                   ,
 AUXINPUT14_INTERVAL_Y   = 11*0,
 AUXINPUT14_INTERVAL_D   = 11*0,
 AUXINPUT14_INTERVAL_H   = 11*0,
 AUXINPUT14_INTERVAL_M   = 11*0,
 AUXINPUT14_INTERVAL_S   = 11*0,
 AUXINPUT14_INTERVAL     = 11*0,
 AUXINPUT14_BEGIN_Y      = 11*0,
 AUXINPUT14_BEGIN_D      = 11*0,
 AUXINPUT14_BEGIN_H      = 11*0,
 AUXINPUT14_BEGIN_M      = 11*0,
 AUXINPUT14_BEGIN_S      = 11*0,
 AUXINPUT14_BEGIN        = 11*0,
 AUXINPUT14_END_Y        = 11*0,
 AUXINPUT14_END_D        = 11*0,
 AUXINPUT14_END_H        = 11*0,
 AUXINPUT14_END_M        = 11*0,
 AUXINPUT14_END_S        = 11*0,
 AUXINPUT14_END  = 11*0,
 IO_FORM_AUXINPUT14      =           0,
 FRAMES_PER_AUXINPUT14   = 11*999999,
 AUXINPUT15_INNAME       = auxinput15_d<domain>_<date>                                                                               
                                                                                                                                     
                   ,
 AUXINPUT15_OUTNAME      = auxinput15_d<domain>_<date>                                                                               
                                                                                                                                     
                   ,
 AUXINPUT15_INTERVAL_Y   = 11*0,
 AUXINPUT15_INTERVAL_D   = 11*0,
 AUXINPUT15_INTERVAL_H   = 11*0,
 AUXINPUT15_INTERVAL_M   = 11*0,
 AUXINPUT15_INTERVAL_S   = 11*0,
 AUXINPUT15_INTERVAL     = 11*0,
 AUXINPUT15_BEGIN_Y      = 11*0,
 AUXINPUT15_BEGIN_D      = 11*0,
 AUXINPUT15_BEGIN_H      = 11*0,
 AUXINPUT15_BEGIN_M      = 11*0,
 AUXINPUT15_BEGIN_S      = 11*0,
 AUXINPUT15_BEGIN        = 11*0,
 AUXINPUT15_END_Y        = 11*0,
 AUXINPUT15_END_D        = 11*0,
 AUXINPUT15_END_H        = 11*0,
 AUXINPUT15_END_M        = 11*0,
 AUXINPUT15_END_S        = 11*0,
 AUXINPUT15_END  = 11*0,
 IO_FORM_AUXINPUT15      =           0,
 FRAMES_PER_AUXINPUT15   = 11*999999,
 AUXINPUT16_INNAME       = auxinput16_d<domain>_<date>                                                                               
                                                                                                                                     
                   ,
 AUXINPUT16_OUTNAME      = auxinput16_d<domain>_<date>                                                                               
                                                                                                                                     
                   ,
 AUXINPUT16_INTERVAL_Y   = 11*0,
 AUXINPUT16_INTERVAL_D   = 11*0,
 AUXINPUT16_INTERVAL_H   = 11*0,
 AUXINPUT16_INTERVAL_M   = 11*0,
 AUXINPUT16_INTERVAL_S   = 11*0,
 AUXINPUT16_INTERVAL     = 11*0,
 AUXINPUT16_BEGIN_Y      = 11*0,
 AUXINPUT16_BEGIN_D      = 11*0,
 AUXINPUT16_BEGIN_H      = 11*0,
 AUXINPUT16_BEGIN_M      = 11*0,
 AUXINPUT16_BEGIN_S      = 11*0,
 AUXINPUT16_BEGIN        = 11*0,
 AUXINPUT16_END_Y        = 11*0,
 AUXINPUT16_END_D        = 11*0,
 AUXINPUT16_END_H        = 11*0,
 AUXINPUT16_END_M        = 11*0,
 AUXINPUT16_END_S        = 11*0,
 AUXINPUT16_END  = 11*0,
 IO_FORM_AUXINPUT16      =           0,
 FRAMES_PER_AUXINPUT16   = 11*999999,
 AUXINPUT17_INNAME       = auxinput17_d<domain>_<date>                                                                               
                                                                                                                                     
                   ,
 AUXINPUT17_OUTNAME      = auxinput17_d<domain>_<date>                                                                               
                                                                                                                                     
                   ,
 AUXINPUT17_INTERVAL_Y   = 11*0,
 AUXINPUT17_INTERVAL_D   = 11*0,
 AUXINPUT17_INTERVAL_H   = 11*0,
 AUXINPUT17_INTERVAL_M   = 11*0,
 AUXINPUT17_INTERVAL_S   = 11*0,
 AUXINPUT17_INTERVAL     = 11*0,
 AUXINPUT17_BEGIN_Y      = 11*0,
 AUXINPUT17_BEGIN_D      = 11*0,
 AUXINPUT17_BEGIN_H      = 11*0,
 AUXINPUT17_BEGIN_M      = 11*0,
 AUXINPUT17_BEGIN_S      = 11*0,
 AUXINPUT17_BEGIN        = 11*0,
 AUXINPUT17_END_Y        = 11*0,
 AUXINPUT17_END_D        = 11*0,
 AUXINPUT17_END_H        = 11*0,
 AUXINPUT17_END_M        = 11*0,
 AUXINPUT17_END_S        = 11*0,
 AUXINPUT17_END  = 11*0,
 IO_FORM_AUXINPUT17      =           0,
 FRAMES_PER_AUXINPUT17   = 11*999999,
 AUXINPUT18_INNAME       = auxinput18_d<domain>_<date>                                                                               
                                                                                                                                     
                   ,
 AUXINPUT18_OUTNAME      = auxinput18_d<domain>_<date>                                                                               
                                                                                                                                     
                   ,
 AUXINPUT18_INTERVAL_Y   = 11*0,
 AUXINPUT18_INTERVAL_D   = 11*0,
 AUXINPUT18_INTERVAL_H   = 11*0,
 AUXINPUT18_INTERVAL_M   = 11*0,
 AUXINPUT18_INTERVAL_S   = 11*0,
 AUXINPUT18_INTERVAL     = 11*0,
 AUXINPUT18_BEGIN_Y      = 11*0,
 AUXINPUT18_BEGIN_D      = 11*0,
 AUXINPUT18_BEGIN_H      = 11*0,
 AUXINPUT18_BEGIN_M      = 11*0,
 AUXINPUT18_BEGIN_S      = 11*0,
 AUXINPUT18_BEGIN        = 11*0,
 AUXINPUT18_END_Y        = 11*0,
 AUXINPUT18_END_D        = 11*0,
 AUXINPUT18_END_H        = 11*0,
 AUXINPUT18_END_M        = 11*0,
 AUXINPUT18_END_S        = 11*0,
 AUXINPUT18_END  = 11*0,
 IO_FORM_AUXINPUT18      =           0,
 FRAMES_PER_AUXINPUT18   = 11*999999,
 AUXINPUT19_INNAME       = auxinput19_d<domain>_<date>                                                                               
                                                                                                                                     
                   ,
 AUXINPUT19_OUTNAME      = auxinput19_d<domain>_<date>                                                                               
                                                                                                                                     
                   ,
 AUXINPUT19_INTERVAL_Y   = 11*0,
 AUXINPUT19_INTERVAL_D   = 11*0,
 AUXINPUT19_INTERVAL_H   = 11*0,
 AUXINPUT19_INTERVAL_M   = 11*0,
 AUXINPUT19_INTERVAL_S   = 11*0,
 AUXINPUT19_INTERVAL     = 11*0,
 AUXINPUT19_BEGIN_Y      = 11*0,
 AUXINPUT19_BEGIN_D      = 11*0,
 AUXINPUT19_BEGIN_H      = 11*0,
 AUXINPUT19_BEGIN_M      = 11*0,
 AUXINPUT19_BEGIN_S      = 11*0,
 AUXINPUT19_BEGIN        = 11*0,
 AUXINPUT19_END_Y        = 11*0,
 AUXINPUT19_END_D        = 11*0,
 AUXINPUT19_END_H        = 11*0,
 AUXINPUT19_END_M        = 11*0,
 AUXINPUT19_END_S        = 11*0,
 AUXINPUT19_END  = 11*0,
 IO_FORM_AUXINPUT19      =           0,
 FRAMES_PER_AUXINPUT19   = 11*999999,
 AUXINPUT20_INNAME       = auxinput20_d<domain>_<date>                                                                               
                                                                                                                                     
                   ,
 AUXINPUT20_OUTNAME      = auxinput20_d<domain>_<date>                                                                               
                                                                                                                                     
                   ,
 AUXINPUT20_INTERVAL_Y   = 11*0,
 AUXINPUT20_INTERVAL_D   = 11*0,
 AUXINPUT20_INTERVAL_H   = 11*0,
 AUXINPUT20_INTERVAL_M   = 11*0,
 AUXINPUT20_INTERVAL_S   = 11*0,
 AUXINPUT20_INTERVAL     = 11*0,
 AUXINPUT20_BEGIN_Y      = 11*0,
 AUXINPUT20_BEGIN_D      = 11*0,
 AUXINPUT20_BEGIN_H      = 11*0,
 AUXINPUT20_BEGIN_M      = 11*0,
 AUXINPUT20_BEGIN_S      = 11*0,
 AUXINPUT20_BEGIN        = 11*0,
 AUXINPUT20_END_Y        = 11*0,
 AUXINPUT20_END_D        = 11*0,
 AUXINPUT20_END_H        = 11*0,
 AUXINPUT20_END_M        = 11*0,
 AUXINPUT20_END_S        = 11*0,
 AUXINPUT20_END  = 11*0,
 IO_FORM_AUXINPUT20      =           0,
 FRAMES_PER_AUXINPUT20   = 11*999999,
 AUXINPUT21_INNAME       = auxinput21_d<domain>_<date>                                                                               
                                                                                                                                     
                   ,
 AUXINPUT21_OUTNAME      = auxinput21_d<domain>_<date>                                                                               
                                                                                                                                     
                   ,
 AUXINPUT21_INTERVAL_Y   = 11*0,
 AUXINPUT21_INTERVAL_D   = 11*0,
 AUXINPUT21_INTERVAL_H   = 11*0,
 AUXINPUT21_INTERVAL_M   = 11*0,
 AUXINPUT21_INTERVAL_S   = 11*0,
 AUXINPUT21_INTERVAL     = 11*0,
 AUXINPUT21_BEGIN_Y      = 11*0,
 AUXINPUT21_BEGIN_D      = 11*0,
 AUXINPUT21_BEGIN_H      = 11*0,
 AUXINPUT21_BEGIN_M      = 11*0,
 AUXINPUT21_BEGIN_S      = 11*0,
 AUXINPUT21_BEGIN        = 11*0,
 AUXINPUT21_END_Y        = 11*0,
 AUXINPUT21_END_D        = 11*0,
 AUXINPUT21_END_H        = 11*0,
 AUXINPUT21_END_M        = 11*0,
 AUXINPUT21_END_S        = 11*0,
 AUXINPUT21_END  = 11*0,
 IO_FORM_AUXINPUT21      =           0,
 FRAMES_PER_AUXINPUT21   = 11*999999,
 AUXINPUT22_INNAME       = auxinput22_d<domain>_<date>                                                                               
                                                                                                                                     
                   ,
 AUXINPUT22_OUTNAME      = auxinput22_d<domain>_<date>                                                                               
                                                                                                                                     
                   ,
 AUXINPUT22_INTERVAL_Y   = 11*0,
 AUXINPUT22_INTERVAL_D   = 11*0,
 AUXINPUT22_INTERVAL_H   = 11*0,
 AUXINPUT22_INTERVAL_M   = 11*0,
 AUXINPUT22_INTERVAL_S   = 11*0,
 AUXINPUT22_INTERVAL     = 11*0,
 AUXINPUT22_BEGIN_Y      = 11*0,
 AUXINPUT22_BEGIN_D      = 11*0,
 AUXINPUT22_BEGIN_H      = 11*0,
 AUXINPUT22_BEGIN_M      = 11*0,
 AUXINPUT22_BEGIN_S      = 11*0,
 AUXINPUT22_BEGIN        = 11*0,
 AUXINPUT22_END_Y        = 11*0,
 AUXINPUT22_END_D        = 11*0,
 AUXINPUT22_END_H        = 11*0,
 AUXINPUT22_END_M        = 11*0,
 AUXINPUT22_END_S        = 11*0,
 AUXINPUT22_END  = 11*0,
 IO_FORM_AUXINPUT22      =           0,
 FRAMES_PER_AUXINPUT22   = 11*999999,
 AUXINPUT23_INNAME       = auxinput23_d<domain>_<date>                                                                               
                                                                                                                                     
                   ,
 AUXINPUT23_OUTNAME      = auxinput23_d<domain>_<date>                                                                               
                                                                                                                                     
                   ,
 AUXINPUT23_INTERVAL_Y   = 11*0,
 AUXINPUT23_INTERVAL_D   = 11*0,
 AUXINPUT23_INTERVAL_H   = 11*0,
 AUXINPUT23_INTERVAL_M   = 11*0,
 AUXINPUT23_INTERVAL_S   = 11*0,
 AUXINPUT23_INTERVAL     = 11*0,
 AUXINPUT23_BEGIN_Y      = 11*0,
 AUXINPUT23_BEGIN_D      = 11*0,
 AUXINPUT23_BEGIN_H      = 11*0,
 AUXINPUT23_BEGIN_M      = 11*0,
 AUXINPUT23_BEGIN_S      = 11*0,
 AUXINPUT23_BEGIN        = 11*0,
 AUXINPUT23_END_Y        = 11*0,
 AUXINPUT23_END_D        = 11*0,
 AUXINPUT23_END_H        = 11*0,
 AUXINPUT23_END_M        = 11*0,
 AUXINPUT23_END_S        = 11*0,
 AUXINPUT23_END  = 11*0,
 IO_FORM_AUXINPUT23      =           0,
 FRAMES_PER_AUXINPUT23   = 11*999999,
 AUXINPUT24_INNAME       = auxinput24_d<domain>_<date>                                                                               
                                                                                                                                     
                   ,
 AUXINPUT24_OUTNAME      = auxinput24_d<domain>_<date>                                                                               
                                                                                                                                     
                   ,
 AUXINPUT24_INTERVAL_Y   = 11*0,
 AUXINPUT24_INTERVAL_D   = 11*0,
 AUXINPUT24_INTERVAL_H   = 11*0,
 AUXINPUT24_INTERVAL_M   = 11*0,
 AUXINPUT24_INTERVAL_S   = 11*0,
 AUXINPUT24_INTERVAL     = 11*0,
 AUXINPUT24_BEGIN_Y      = 11*0,
 AUXINPUT24_BEGIN_D      = 11*0,
 AUXINPUT24_BEGIN_H      = 11*0,
 AUXINPUT24_BEGIN_M      = 11*0,
 AUXINPUT24_BEGIN_S      = 11*0,
 AUXINPUT24_BEGIN        = 11*0,
 AUXINPUT24_END_Y        = 11*0,
 AUXINPUT24_END_D        = 11*0,
 AUXINPUT24_END_H        = 11*0,
 AUXINPUT24_END_M        = 11*0,
 AUXINPUT24_END_S        = 11*0,
 AUXINPUT24_END  = 11*0,
 IO_FORM_AUXINPUT24      =           0,
 FRAMES_PER_AUXINPUT24   = 11*999999,
 HISTORY_INTERVAL        =         180, 10*0,
 FRAMES_PER_OUTFILE      =           1, 10*10,
 RESTART = F,
 RESTART_INTERVAL        =        1440,
 IO_FORM_INPUT   =           2,
 IO_FORM_HISTORY =           2,
 IO_FORM_RESTART =           2,
 IO_FORM_BOUNDARY        =           2,
 DEBUG_LEVEL     =           0,
 SELF_TEST_DOMAIN        = F,
 HISTORY_OUTNAME = wrfout_d<domain>_<date>                                                                                           
                                                                                                                                     
           ,
 HISTORY_INNAME  = wrfhist_d<domain>_<date>                                                                                          
                                                                                                                                     
           ,
 HISTORY_INTERVAL_D      = 11*0,
 HISTORY_INTERVAL_H      = 11*0,
 HISTORY_INTERVAL_M      = 11*0,
 HISTORY_INTERVAL_S      = 11*0,
 INPUTOUT_INTERVAL_D     = 11*0,
 INPUTOUT_INTERVAL_H     = 11*0,
 INPUTOUT_INTERVAL_M     = 11*0,
 INPUTOUT_INTERVAL_S     = 11*0,
 INPUTOUT_INTERVAL       = 11*0,
 RESTART_INTERVAL_D      =           0,
 RESTART_INTERVAL_H      =           0,
 RESTART_INTERVAL_M      =           0,
 RESTART_INTERVAL_S      =           0,
 HISTORY_BEGIN_Y = 11*0,
 HISTORY_BEGIN_D = 11*0,
 HISTORY_BEGIN_H = 11*0,
 HISTORY_BEGIN_M = 11*0,
 HISTORY_BEGIN_S = 11*0,
 HISTORY_BEGIN   = 11*0,
 INPUTOUT_BEGIN_Y        = 11*0,
 INPUTOUT_BEGIN_D        = 11*0,
 INPUTOUT_BEGIN_H        = 11*0,
 INPUTOUT_BEGIN_M        = 11*0,
 INPUTOUT_BEGIN_S        = 11*0,
 RESTART_BEGIN_Y =           0,
 RESTART_BEGIN_D =           0,
 RESTART_BEGIN_H =           0,
 RESTART_BEGIN_M =           0,
 RESTART_BEGIN_S =           0,
 RESTART_BEGIN   =           0,
 HISTORY_END_Y   = 11*0,
 HISTORY_END_D   = 11*0,
 HISTORY_END_H   = 11*0,
 HISTORY_END_M   = 11*0,
 HISTORY_END_S   = 11*0,
 HISTORY_END     = 11*0,
 INPUTOUT_END_Y  = 11*0,
 INPUTOUT_END_D  = 11*0,
 INPUTOUT_END_H  = 11*0,
 INPUTOUT_END_M  = 11*0,
 INPUTOUT_END_S  = 11*0,
 RESET_SIMULATION_START  = F,
 IOFIELDS_FILENAME       = NONE_SPECIFIED                                                                                            
                                                                                                                                     
                   NONE_SPECIFIED                                                                                                    
                                                                                                                                     
           NONE_SPECIFIED                                                                                                            
                                                                                                                                     
   NONE_SPECIFIED                                                                                                                    
                                                                                                                               NONE_S
 PECIFIED                                                                                                                            
                                                                                                                       NONE_SPECIFIED
                                                                                                                                     
                                                                                                               NONE_SPECIFIED        
                                                                                                                                     
                                                                                                       NONE_SPECIFIED                
                                                                                                                                     
                                                                                               NONE_SPECIFIED                        
                                                                                                                                     
                                                                                       NONE_SPECIFIED                                
                                                                                                                                     
                                                                               NONE_SPECIFIED                                        
                                                                                                                                     
                                                                       ,
 IGNORE_IOFIELDS_WARNING = T
 /
 &DFI_CONTROL
 DFI_OPT =           0,
 DFI_RADAR       =           0,
 DFI_NFILTER     =           7,
 DFI_WRITE_FILTERED_INPUT        = T,
 DFI_WRITE_DFI_HISTORY   = F,
 DFI_CUTOFF_SECONDS      =        3600,
 DFI_TIME_DIM    =        1000,
 DFI_FWDSTOP_YEAR        =        2004,
 DFI_FWDSTOP_MONTH       =           3,
 DFI_FWDSTOP_DAY =          13,
 DFI_FWDSTOP_HOUR        =          12,
 DFI_FWDSTOP_MINUTE      =           0,
 DFI_FWDSTOP_SECOND      =           0,
 DFI_BCKSTOP_YEAR        =        2004,
 DFI_BCKSTOP_MONTH       =           3,
 DFI_BCKSTOP_DAY =          14,
 DFI_BCKSTOP_HOUR        =          12,
 DFI_BCKSTOP_MINUTE      =           0,
 DFI_BCKSTOP_SECOND      =           0
 /
 &DOMAINS
 TIME_STEP       =          60,
 TIME_STEP_FRACT_NUM     =           0,
 TIME_STEP_FRACT_DEN     =           1,
 TIME_STEP_DFI   =           0,
 MIN_TIME_STEP   = 11*-1,
 MAX_TIME_STEP   = 11*-1,
 TARGET_CFL      = 11*1.200000       ,
 TARGET_HCFL     = 11*0.8400000      ,
 MAX_STEP_INCREASE_PCT   = 11*5,
 STARTING_TIME_STEP      = 11*-1,
 STEP_TO_OUTPUT_TIME     = T,
 ADAPTATION_DOMAIN       =           1,
 USE_ADAPTIVE_TIME_STEP  = F,
 MAX_DOM =           1,
 S_WE    = 11*1,
 E_WE    =         221, 10*32,
 S_SN    = 11*1,
 E_SN    =         181, 10*32,
 S_VERT  = 11*1,
 E_VERT  =          35, 10*31,
 NUM_METGRID_LEVELS      =          27,
 NUM_METGRID_SOIL_LEVELS =           4,
 P_TOP_REQUESTED =   5000.000    ,
 INTERP_THETA    = F,
 INTERP_TYPE     =           2,
 VERT_REFINE_FACT        =           1,
 EXTRAP_TYPE     =           2,
 T_EXTRAP_TYPE   =           2,
 HYPSOMETRIC_OPT =           2,
 LOWEST_LEV_FROM_SFC     = F,
 USE_LEVELS_BELOW_GROUND = T,
 USE_TAVG_FOR_TSK        = F,
 USE_SURFACE     = T,
 LAGRANGE_ORDER  =           2,
 FORCE_SFC_IN_VINTERP    =           1,
 ZAP_CLOSE_LEVELS        =   500.0000    ,
 SFCP_TO_SFCP    = F,
 ADJUST_HEIGHTS  = F,
 SMOOTH_CG_TOPO  = F,
 AGGREGATE_LU    = F,
 RH2QV_WRT_LIQUID        = T,
 RH2QV_METHOD    =           1,
 QV_MAX_P_SAFE   =   10000.00    ,
 QV_MAX_FLAG     =  9.9999997E-06,
 QV_MAX_VALUE    =  3.0000001E-06,
 QV_MIN_P_SAFE   =   110000.0    ,
 QV_MIN_FLAG     =  1.0000000E-06,
 QV_MIN_VALUE    =  1.0000000E-06,
 DX      =   15000.00    , 10*200.0000       ,
 DY      =   15000.00    , 10*200.0000       ,
 GRID_ID = 11*1,
 GRID_ALLOWED    = 11*T,
 PARENT_ID       = 11*0,
 I_PARENT_START  = 11*1,
 J_PARENT_START  = 11*1,
 PARENT_GRID_RATIO       = 11*1,
 PARENT_TIME_STEP_RATIO  = 11*1,
 FEEDBACK        =           1,
 SMOOTH_OPTION   =           0,
 BLEND_WIDTH     =           5,
 ZTOP    = 11*15000.00       ,
 MOAD_GRID_RATIO = 11*1,
 MOAD_TIME_STEP_RATIO    = 11*1,
 SHW     = 11*2,
 TILE_SZ_X       =           0,
 TILE_SZ_Y       =           0,
 NUMTILES        =           1,
 NPROC_X =           8,
 NPROC_Y =          10,
 IRAND   =           0,
 NUM_MOVES       =           0,
 TS_BUF_SIZE     =         200,
 MAX_TS_LOCS     =           5,
 VORTEX_INTERVAL = 11*15,
 MAX_VORTEX_SPEED        = 11*40,
 CORRAL_DIST     = 11*8,
 TRACK_LEVEL     =       50000,
 TIME_TO_MOVE    = 11*0.0000000E+00  ,
 MOVE_ID = 50*0,
 MOVE_INTERVAL   = 50*999999999,
 MOVE_CD_X       = 50*0,
 MOVE_CD_Y       = 50*0,
 SWAP_X  = 11*F,
 SWAP_Y  = 11*F,
 CYCLE_X = 11*F,
 CYCLE_Y = 11*F,
 REORDER_MESH    = F,
 PERTURB_INPUT   = F,
 ETA_LEVELS      = 501*-1.000000      ,
 MAX_DZ  =   1000.000    ,
 TRACK_LOC_IN    =           0,
 SR_X    = 11*0,
 SR_Y    = 11*0
 /
 &TC
 INSERT_BOGUS_STORM      = F,
 REMOVE_STORM    = F,
 NUM_STORM       =           1,
 LATC_LOC        = 5*-999.0000      ,
 LONC_LOC        = 5*-999.0000      ,
 VMAX_METERS_PER_SECOND  = 5*-999.0000      ,
 RMAX    = 5*-999.0000      ,
 VMAX_RATIO      = 5*-999.0000      ,
 RANKINE_LID     =  -999.0000    
 /
 &PHYSICS
 MP_PHYSICS      = 2*2, 9*0,
 GSFCGCE_HAIL    =           0,
 GSFCGCE_2ICE    =           0,
 PROGN   = 11*0,
 RA_LW_PHYSICS   = 2*1, 9*0,
 RA_SW_PHYSICS   = 2*1, 9*0,
 RADT    = 2*15.00000       , 9*0.0000000E+00  ,
 NAER    = 11*1.0000000E+09  ,
 SF_SFCLAY_PHYSICS       = 2*2, 9*0,
 SF_SURFACE_PHYSICS      = 2*2, 9*0,
 BL_PBL_PHYSICS  = 2*2, 9*0,
 MFSHCONV        = 11*1,
 SF_URBAN_PHYSICS        = 11*0,
 BLDT    = 11*0.0000000E+00  ,
 CU_PHYSICS      = 2*1, 9*0,
 SHCU_PHYSICS    = 11*0,
 CU_DIAG = 11*0,
 KFETA_TRIGGER   =           1,
 CUDT    = 2*5.000000       , 9*0.0000000E+00  ,
 GSMDT   = 11*0.0000000E+00  ,
 ISFFLX  =           1,
 IFSNOW  =           0,
 ICLOUD  =           1,
 SWRAD_SCAT      =   1.000000    ,
 SURFACE_INPUT_SOURCE    =           1,
 NUM_SOIL_LAYERS =           4,
 NUM_SNOW_LAYERS =           3,
 NUM_SNSO_LAYERS =           7,
 NUM_URBAN_LAYERS        =         400,
 NUM_MONTHS      =          12,
 MOSAIC_LU       =           0,
 MOSAIC_SOIL     =           0,
 MAXIENS =           1,
 MAXENS  =           3,
 MAXENS2 =           3,
 MAXENS3 =          16,
 ENSDIM  =         144,
 CUGD_AVEDX      =           1,
 CLOS_CHOICE     =           0,
 IMOMENTUM       =           0,
 ISHALLOW        =           0,
 CONVTRANS_AVGLEN_M      =   30.00000    ,
 NUM_LAND_CAT    =          24,
 NUM_SOIL_CAT    =          16,
 MP_ZERO_OUT     =           0,
 MP_ZERO_OUT_THRESH      =  9.9999999E-09,
 SEAICE_THRESHOLD        =   271.0000    ,
 SST_UPDATE      =           1,
 SST_SKIN        =           1,
 TMN_UPDATE      =           0,
 USEMONALB       = T,
 RDMAXALB        = T,
 RDLAI2D = F,
 CO2TF   =           1,
 RA_CALL_OFFSET  =           0,
 CAM_ABS_FREQ_S  =   21600.00    ,
 LEVSIZ  =           1,
 PAERLEV =           1,
 CAM_ABS_DIM1    =           1,
 CAM_ABS_DIM2    =           1,
 LAGDAY  =           1,
 CU_RAD_FEEDBACK = 11*F,
 PXLSM_SMOIS_INIT        = 11*1,
 OMLCALL =           0,
 OML_HML0        =   50.00000    ,
 OML_GAMMA       =  0.1400000    ,
 ISFTCFLX        =           0,
 IZ0TLND =           0,
 SHADLEN =   25000.00    ,
 SLOPE_RAD       = 11*0,
 TOPO_SHADING    = 11*0,
 TOPO_WIND       = 11*0,
 NO_MP_HEATING   =           0,
 FRACTIONAL_SEAICE       =           0,
 SEAICE_ALBEDO_OPT       =           0,
 TICE2TSK_IF2COLD        = F,
 BUCKET_MM       =  -1.000000    ,
 BUCKET_J        =  -1.000000    ,
 MP_TEND_LIM     =   10.00000    ,
 PREC_ACC_DT     = 11*0.0000000E+00  ,
 GRAV_SETTLING   = 11*0,
 SAS_PGCON       = 11*0.5500000      ,
 WINDTURBINES_SPEC       = none                                                                                                      
                                                                                                                                     
                   ,
 TD_TURBGRIDID   =          -1,
 TD_HUBHEIGHT    =   100.0000    ,
 TD_DIAMETER     =   60.00000    ,
 TD_STDTHRCOEF   =  0.1580000    ,
 TD_CUTINSPEED   =   4.000000    ,
 TD_CUTOUTSPEED  =   27.00000    ,
 TD_POWER        =   2.000000    ,
 TD_TURBPERCELL  =   1.000000    ,
 TD_EWFX =           0,
 TD_EWFY =           0,
 TD_PWFX =           1,
 TD_PWFY =           1,
 STOCH_FORCE_OPT = 11*0,
 STOCH_VERTSTRUC_OPT     = 11*0,
 NENS    =           1,
 TOT_BACKSCAT_PSI        = 11*9.9999997E-06  ,
 TOT_BACKSCAT_T  = 11*1.0000000E-06  ,
 CHEM_OPT        = 11*0
 /
 &FDDA
 FGDT    = 11*0.0000000E+00  ,
 FGDTZERO        = 11*0,
 GRID_FDDA       = 11*0,
 GRID_SFDDA      = 11*0,
 IF_NO_PBL_NUDGING_UV    = 11*0,
 IF_NO_PBL_NUDGING_T     = 11*0,
 IF_NO_PBL_NUDGING_PH    = 11*0,
 IF_NO_PBL_NUDGING_Q     = 11*0,
 IF_ZFAC_UV      = 11*0,
 K_ZFAC_UV       = 11*0,
 IF_ZFAC_T       = 11*0,
 K_ZFAC_T        = 11*0,
 IF_ZFAC_PH      = 11*0,
 K_ZFAC_PH       = 11*0,
 IF_ZFAC_Q       = 11*0,
 K_ZFAC_Q        = 11*0,
 DK_ZFAC_UV      = 11*1,
 DK_ZFAC_T       = 11*1,
 DK_ZFAC_PH      = 11*1,
 GUV     = 11*0.0000000E+00  ,
 GUV_SFC = 11*0.0000000E+00  ,
 GT      = 11*0.0000000E+00  ,
 GT_SFC  = 11*0.0000000E+00  ,
 GQ      = 11*0.0000000E+00  ,
 GQ_SFC  = 11*0.0000000E+00  ,
 GPH     = 11*0.0000000E+00  ,
 DTRAMP_MIN      =  0.0000000E+00,
 IF_RAMPING      =           0,
 RINBLW  =  0.0000000E+00,
 XWAVENUM        = 11*0,
 YWAVENUM        = 11*0,
 PXLSM_SOIL_NUDGE        = 11*0,
 OBS_NUDGE_OPT   = 11*0,
 MAX_OBS =           0,
 FDDA_START      = 11*0.0000000E+00  ,
 FDDA_END        = 11*0.0000000E+00  ,
 OBS_NUDGE_WIND  = 11*0,
 OBS_COEF_WIND   = 11*0.0000000E+00  ,
 OBS_NUDGE_TEMP  = 11*0,
 OBS_COEF_TEMP   = 11*0.0000000E+00  ,
 OBS_NUDGE_MOIS  = 11*0,
 OBS_COEF_MOIS   = 11*0.0000000E+00  ,
 OBS_NUDGE_PSTR  = 11*0,
 OBS_COEF_PSTR   = 11*0.0000000E+00  ,
 OBS_NO_PBL_NUDGE_UV     = 11*0,
 OBS_NO_PBL_NUDGE_T      = 11*0,
 OBS_NO_PBL_NUDGE_Q      = 11*0,
 OBS_SFC_SCHEME_HORIZ    =           0,
 OBS_SFC_SCHEME_VERT     =           0,
 OBS_MAX_SNDNG_GAP       =   20.00000    ,
 OBS_NUDGEZFULLR1_UV     =   50.00000    ,
 OBS_NUDGEZRAMPR1_UV     =   50.00000    ,
 OBS_NUDGEZFULLR2_UV     =   50.00000    ,
 OBS_NUDGEZRAMPR2_UV     =   50.00000    ,
 OBS_NUDGEZFULLR4_UV     =  -5000.000    ,
 OBS_NUDGEZRAMPR4_UV     =   50.00000    ,
 OBS_NUDGEZFULLR1_T      =   50.00000    ,
 OBS_NUDGEZRAMPR1_T      =   50.00000    ,
 OBS_NUDGEZFULLR2_T      =   50.00000    ,
 OBS_NUDGEZRAMPR2_T      =   50.00000    ,
 OBS_NUDGEZFULLR4_T      =  -5000.000    ,
 OBS_NUDGEZRAMPR4_T      =   50.00000    ,
 OBS_NUDGEZFULLR1_Q      =   50.00000    ,
 OBS_NUDGEZRAMPR1_Q      =   50.00000    ,
 OBS_NUDGEZFULLR2_Q      =   50.00000    ,
 OBS_NUDGEZRAMPR2_Q      =   50.00000    ,
 OBS_NUDGEZFULLR4_Q      =  -5000.000    ,
 OBS_NUDGEZRAMPR4_Q      =   50.00000    ,
 OBS_NUDGEZFULLMIN       =   50.00000    ,
 OBS_NUDGEZRAMPMIN       =   50.00000    ,
 OBS_NUDGEZMAX   =   3000.000    ,
 OBS_SFCFACT     =   1.000000    ,
 OBS_SFCFACR     =   1.000000    ,
 OBS_DPSMX       =   7.500000    ,
 OBS_RINXY       = 11*0.0000000E+00  ,
 OBS_RINSIG      =  0.0000000E+00,
 OBS_TWINDO      = 11*0.0000000E+00  ,
 OBS_NPFI        =           0,
 OBS_IONF        = 11*1,
 OBS_IDYNIN      =           0,
 OBS_DTRAMP      =  0.0000000E+00,
 OBS_PRT_MAX     =        1000,
 OBS_PRT_FREQ    = 11*1000,
 OBS_IPF_IN4DOB  = F,
 OBS_IPF_ERROB   = F,
 OBS_IPF_NUDOB   = F,
 OBS_IPF_INIT    = T,
 SGFDDA_INNAME   = sgfdda_d<domain>                                                                                                  
                                                                                                                                     
           ,
 GFDDA_INNAME    = gfdda_d<domain>                                                                                                   
                                                                                                                                     
           ,
 SGFDDA_INTERVAL_D       = 11*0,
 SGFDDA_INTERVAL_H       = 11*0,
 SGFDDA_INTERVAL_M       = 11*0,
 SGFDDA_INTERVAL_S       = 11*0,
 SGFDDA_INTERVAL_Y       = 11*0,
 SGFDDA_INTERVAL = 11*0,
 GFDDA_INTERVAL_D        = 11*0,
 GFDDA_INTERVAL_H        = 11*0,
 GFDDA_INTERVAL_M        = 11*0,
 GFDDA_INTERVAL_S        = 11*0,
 GFDDA_INTERVAL_Y        = 11*0,
 GFDDA_INTERVAL  = 11*0,
 SGFDDA_BEGIN_Y  = 11*0,
 SGFDDA_BEGIN_D  = 11*0,
 SGFDDA_BEGIN_H  = 11*0,
 SGFDDA_BEGIN_M  = 11*0,
 SGFDDA_BEGIN_S  = 11*0,
 GFDDA_BEGIN_Y   = 11*0,
 GFDDA_BEGIN_D   = 11*0,
 GFDDA_BEGIN_H   = 11*0,
 GFDDA_BEGIN_M   = 11*0,
 GFDDA_BEGIN_S   = 11*0,
 SGFDDA_END_Y    = 11*0,
 SGFDDA_END_D    = 11*0,
 SGFDDA_END_H    = 11*0,
 SGFDDA_END_M    = 11*0,
 SGFDDA_END_S    = 11*0,
 GFDDA_END_Y     = 11*0,
 GFDDA_END_D     = 11*0,
 GFDDA_END_H     = 11*0,
 GFDDA_END_M     = 11*0,
 GFDDA_END_S     = 11*0,
 IO_FORM_SGFDDA  =           2,
 IO_FORM_GFDDA   =           2
 /
 &SCM
 SCM_FORCE       =           0,
 SCM_FORCE_DX    =   4000.000    ,
 NUM_FORCE_LAYERS        =           8,
 SCM_LU_INDEX    =           2,
 SCM_ISLTYP      =           4,
 SCM_VEGFRA      =  0.5000000    ,
 SCM_CANWAT      =           0,
 SCM_LAT =   36.60500    ,
 SCM_LON =  -97.48500    ,
 SCM_TH_T_TEND   = T,
 SCM_QV_T_TEND   = T,
 SCM_TH_ADV      = T,
 SCM_WIND_ADV    = T,
 SCM_QV_ADV      = T,
 SCM_QL_ADV      = F,
 SCM_VERT_ADV    = T,
 NUM_FORCE_SOIL_LAYERS   =           5,
 SCM_SOILT_FORCE = F,
 SCM_SOILQ_FORCE = F,
 SCM_FORCE_TH_LARGESCALE = F,
 SCM_FORCE_QV_LARGESCALE = F,
 SCM_FORCE_QL_LARGESCALE = F,
 SCM_FORCE_WIND_LARGESCALE       = F,
 SCM_FORCE_SKINTEMP      =           0,
 SCM_FORCE_FLUX  =           0
 /
 &DYNAMICS
 DYN_OPT =           2,
 RK_ORD  =           3,
 W_DAMPING       =           0,
 DIFF_OPT        =           1,
 KM_OPT  =           4,
 KM_OPT_DFI      =           1,
 DAMP_OPT        =           0,
 RAD_NUDGE       =           0,
 GWD_OPT =           0,
 ZDAMP   = 11*5000.000       ,
 DAMPCOEF        = 2*9.9999998E-03  , 9*0.0000000E+00  ,
 KHDIF   = 11*0.0000000E+00  ,
 KVDIF   = 11*0.0000000E+00  ,
 DIFF_6TH_FACTOR = 11*0.1200000      ,
 DIFF_6TH_OPT    = 11*0,
 C_S     = 11*0.2500000      ,
 C_K     = 11*0.1500000      ,
 SMDIV   = 11*0.1000000      ,
 EMDIV   = 11*9.9999998E-03  ,
 EPSSM   = 11*0.1000000      ,
 NON_HYDROSTATIC = 11*T,
 USE_INPUT_W     = F,
 TIME_STEP_SOUND = 11*0,
 H_MOM_ADV_ORDER = 11*5,
 V_MOM_ADV_ORDER = 11*3,
 H_SCA_ADV_ORDER = 11*5,
 V_SCA_ADV_ORDER = 11*3,
 MOMENTUM_ADV_OPT        = 11*1,
 MOIST_ADV_OPT   = 11*1,
 MOIST_ADV_DFI_OPT       = 11*0,
 CHEM_ADV_OPT    = 11*1,
 TRACER_ADV_OPT  = 11*1,
 SCALAR_ADV_OPT  = 11*1,
 TKE_ADV_OPT     = 11*1,
 TOP_RADIATION   = 11*F,
 MIX_ISOTROPIC   = 11*0,
 MIX_UPPER_BOUND = 11*0.1000000      ,
 TOP_LID = 11*F,
 TKE_UPPER_BOUND = 11*1000.000       ,
 TKE_DRAG_COEFFICIENT    = 11*0.0000000E+00  ,
 TKE_HEAT_FLUX   = 11*0.0000000E+00  ,
 PERT_CORIOLIS   = 11*F,
 CORIOLIS2D      = 11*F,
 MIX_FULL_FIELDS = 11*F,
 BASE_PRES       =   100000.0    ,
 BASE_TEMP       =   290.0000    ,
 BASE_LAPSE      =   50.00000    ,
 ISO_TEMP        =  0.0000000E+00,
 USE_BASEPARAM_FR_NML    = F,
 FFT_FILTER_LAT  =   91.00000    ,
 ROTATED_POLE    = F,
 DO_CORIOLIS     = 11*T,
 DO_CURVATURE    = 11*T,
 DO_GRADP        = 11*T,
 TRACER_OPT      = 11*0,
 TENDDIAG        = 11*0,
 DO_AVGFLX_EM    = 11*0,
 DO_AVGFLX_CUGD  = 11*0,
 SFS_OPT = 11*0,
 M_OPT   = 11*0
 /
 &BDY_CONTROL
 SPEC_BDY_WIDTH  =           5,
 SPEC_ZONE       =           1,
 RELAX_ZONE      =           4,
 SPECIFIED       = T, 10*F,
 CONSTANT_BC     = F,
 PERIODIC_X      = 11*F,
 SYMMETRIC_XS    = 11*F,
 SYMMETRIC_XE    = 11*F,
 OPEN_XS = 11*F,
 OPEN_XE = 11*F,
 PERIODIC_Y      = 11*F,
 SYMMETRIC_YS    = 11*F,
 SYMMETRIC_YE    = 11*F,
 OPEN_YS = 11*F,
 OPEN_YE = 11*F,
 POLAR   = 11*F,
 NESTED  = F, T, 9*F,
 SPEC_EXP        =  0.0000000E+00,
 REAL_DATA_INIT_TYPE     =           1
 /
 &GRIB2
 BACKGROUND_PROC_ID      =         255,
 FORECAST_PROC_ID        =         255,
 PRODUCTION_STATUS       =         255,
 COMPRESSION     =          40
 /
 &FIRE
 IFIRE   = 11*0,
 FIRE_BOUNDARY_GUARD     = 11*2,
 FIRE_NUM_IGNITIONS      = 11*0,
 FIRE_IGNITION_ROS1      = 11*9.9999998E-03  ,
 FIRE_IGNITION_START_LON1        = 11*0.0000000E+00  ,
 FIRE_IGNITION_START_LAT1        = 11*0.0000000E+00  ,
 FIRE_IGNITION_END_LON1  = 11*0.0000000E+00  ,
 FIRE_IGNITION_END_LAT1  = 11*0.0000000E+00  ,
 FIRE_IGNITION_RADIUS1   = 11*0.0000000E+00  ,
 FIRE_IGNITION_START_TIME1       = 11*0.0000000E+00  ,
 FIRE_IGNITION_END_TIME1 = 11*0.0000000E+00  ,
 FIRE_IGNITION_ROS2      = 11*9.9999998E-03  ,
 FIRE_IGNITION_START_LON2        = 11*0.0000000E+00  ,
 FIRE_IGNITION_START_LAT2        = 11*0.0000000E+00  ,
 FIRE_IGNITION_END_LON2  = 11*0.0000000E+00  ,
 FIRE_IGNITION_END_LAT2  = 11*0.0000000E+00  ,
 FIRE_IGNITION_RADIUS2   = 11*0.0000000E+00  ,
 FIRE_IGNITION_START_TIME2       = 11*0.0000000E+00  ,
 FIRE_IGNITION_END_TIME2 = 11*0.0000000E+00  ,
 FIRE_IGNITION_ROS3      = 11*9.9999998E-03  ,
 FIRE_IGNITION_START_LON3        = 11*0.0000000E+00  ,
 FIRE_IGNITION_START_LAT3        = 11*0.0000000E+00  ,
 FIRE_IGNITION_END_LON3  = 11*0.0000000E+00  ,
 FIRE_IGNITION_END_LAT3  = 11*0.0000000E+00  ,
 FIRE_IGNITION_RADIUS3   = 11*0.0000000E+00  ,
 FIRE_IGNITION_START_TIME3       = 11*0.0000000E+00  ,
 FIRE_IGNITION_END_TIME3 = 11*0.0000000E+00  ,
 FIRE_IGNITION_ROS4      = 11*9.9999998E-03  ,
 FIRE_IGNITION_START_LON4        = 11*0.0000000E+00  ,
 FIRE_IGNITION_START_LAT4        = 11*0.0000000E+00  ,
 FIRE_IGNITION_END_LON4  = 11*0.0000000E+00  ,
 FIRE_IGNITION_END_LAT4  = 11*0.0000000E+00  ,
 FIRE_IGNITION_RADIUS4   = 11*0.0000000E+00  ,
 FIRE_IGNITION_START_TIME4       = 11*0.0000000E+00  ,
 FIRE_IGNITION_END_TIME4 = 11*0.0000000E+00  ,
 FIRE_IGNITION_ROS5      = 11*9.9999998E-03  ,
 FIRE_IGNITION_START_LON5        = 11*0.0000000E+00  ,
 FIRE_IGNITION_START_LAT5        = 11*0.0000000E+00  ,
 FIRE_IGNITION_END_LON5  = 11*0.0000000E+00  ,
 FIRE_IGNITION_END_LAT5  = 11*0.0000000E+00  ,
 FIRE_IGNITION_RADIUS5   = 11*0.0000000E+00  ,
 FIRE_IGNITION_START_TIME5       = 11*0.0000000E+00  ,
 FIRE_IGNITION_END_TIME5 = 11*0.0000000E+00  ,
 FIRE_IGNITION_START_X1  = 11*0.0000000E+00  ,
 FIRE_IGNITION_START_Y1  = 11*0.0000000E+00  ,
 FIRE_IGNITION_END_X1    = 11*0.0000000E+00  ,
 FIRE_IGNITION_END_Y1    = 11*0.0000000E+00  ,
 FIRE_IGNITION_START_X2  = 11*0.0000000E+00  ,
 FIRE_IGNITION_START_Y2  = 11*0.0000000E+00  ,
 FIRE_IGNITION_END_X2    = 11*0.0000000E+00  ,
 FIRE_IGNITION_END_Y2    = 11*0.0000000E+00  ,
 FIRE_IGNITION_START_X3  = 11*0.0000000E+00  ,
 FIRE_IGNITION_START_Y3  = 11*0.0000000E+00  ,
 FIRE_IGNITION_END_X3    = 11*0.0000000E+00  ,
 FIRE_IGNITION_END_Y3    = 11*0.0000000E+00  ,
 FIRE_IGNITION_START_X4  = 11*0.0000000E+00  ,
 FIRE_IGNITION_START_Y4  = 11*0.0000000E+00  ,
 FIRE_IGNITION_END_X4    = 11*0.0000000E+00  ,
 FIRE_IGNITION_END_Y4    = 11*0.0000000E+00  ,
 FIRE_IGNITION_START_X5  = 11*0.0000000E+00  ,
 FIRE_IGNITION_START_Y5  = 11*0.0000000E+00  ,
 FIRE_IGNITION_END_X5    = 11*0.0000000E+00  ,
 FIRE_IGNITION_END_Y5    = 11*0.0000000E+00  ,
 FIRE_LAT_INIT   = 11*0.0000000E+00  ,
 FIRE_LON_INIT   = 11*0.0000000E+00  ,
 FIRE_IGN_TIME   = 11*0.0000000E+00  ,
 FIRE_SHAPE      = 11*0,
 FIRE_SPRD_MDL   = 11*1,
 FIRE_CRWN_HGT   = 11*15.00000       ,
 FIRE_EXT_GRND   = 11*50.00000       ,
 FIRE_EXT_CRWN   = 11*50.00000       ,
 FIRE_WIND_HEIGHT        = 11*6.096000       ,
 FIRE_FUEL_READ  = 11*-1,
 FIRE_FUEL_CAT   = 11*1,
 FIRE_PRINT_MSG  = 11*0,
 FIRE_PRINT_FILE = 11*0,
 FIRE_FUEL_LEFT_METHOD   = 11*1,
 FIRE_FUEL_LEFT_IRL      = 11*2,
 FIRE_FUEL_LEFT_JRL      = 11*2,
 FIRE_BACK_WEIGHT        = 11*0.5000000      ,
 FIRE_GROWS_ONLY = 11*1,
 FIRE_UPWINDING  = 11*3,
 FIRE_UPWIND_SPLIT       = 11*0,
 FIRE_VISCOSITY  = 11*0.4000000      ,
 FIRE_LFN_EXT_UP = 11*1.000000       ,
 FIRE_TOPO_FROM_ATM      = 11*1,
 FIRE_ADVECTION  = 11*1,
 FIRE_TEST_STEPS = 11*0,
 FIRE_CONST_TIME = 11*-1.000000      ,
 FIRE_CONST_GRNHFX       = 11*0.0000000E+00  ,
 FIRE_CONST_GRNQFX       = 11*0.0000000E+00  ,
 FIRE_ATM_FEEDBACK       = 11*1.000000       ,
 FIRE_MOUNTAIN_TYPE      = 11*0,
 FIRE_MOUNTAIN_HEIGHT    = 11*500.0000       ,
 FIRE_MOUNTAIN_START_X   = 11*100.0000       ,
 FIRE_MOUNTAIN_START_Y   = 11*100.0000       ,
 FIRE_MOUNTAIN_END_X     = 11*100.0000       ,
 FIRE_MOUNTAIN_END_Y     = 11*100.0000       ,
 DELT_PERTURBATION       = 11*0.0000000E+00  ,
 XRAD_PERTURBATION       = 11*0.0000000E+00  ,
 YRAD_PERTURBATION       = 11*0.0000000E+00  ,
 ZRAD_PERTURBATION       = 11*0.0000000E+00  ,
 HGHT_PERTURBATION       = 11*0.0000000E+00  ,
 STRETCH_GRD     = 11*T,
 STRETCH_HYP     = 11*F,
 Z_GRD_SCALE     = 11*0.4000000      ,
 SFC_FULL_INIT   = 11*F,
 SFC_LU_INDEX    = 11*28,
 SFC_TSK = 11*285.0000       ,
 SFC_TMN = 11*285.0000       ,
 FIRE_READ_LU    = 11*F,
 FIRE_READ_TSK   = 11*F,
 FIRE_READ_TMN   = 11*F,
 FIRE_READ_ATM_HT        = 11*F,
 FIRE_READ_FIRE_HT       = 11*F,
 FIRE_READ_ATM_GRAD      = 11*F,
 FIRE_READ_FIRE_GRAD     = 11*F,
 SFC_VEGFRA      = 11*0.5000000      ,
 SFC_CANWAT      = 11*0.0000000E+00  ,
 SFC_IVGTYP      = 11*18,
 SFC_ISLTYP      = 11*7
 /
